SecCoreStartupWithStack(0xFFFCC000, 0x820000)
Register PPI Notify: DCD0BE23-9586-40F4-B643-06522CED4EDE
Install PPI: 8C8CE578-8A3D-4F1C-9935-896185C32DD3
Install PPI: 5473C07A-3DCB-4DCA-BD6F-1E9689E7349A
The 0th FV start address is 0x00000820000, size is 0x000E0000, handle is 0x820000
Register PPI Notify: 49EDB1C1-BF21-4761-BB12-EB0031AABB39
Register PPI Notify: EA7CA24B-DED5-4DAD-A389-BF827E8F9B38
Install PPI: B9E0ABFE-5979-4914-977F-6DEE78C278A6
Install PPI: DBE23AA9-A345-4B97-85B6-B226F1617389
DiscoverPeimsAndOrderWithApriori(): Found 0x7 PEI FFS files in the 0th FV
Loading PEIM 9B3ADA4F-AE56-4C24-8DEA-F03B7558AE50
Loading PEIM at 0x00000838B40 EntryPoint=0x0000083D930 PcdPeim.efi
Install PPI: 06E81C58-4AD7-44BC-8390-F10265F72480
Install PPI: 01F34D25-4DE2-23AD-3FF3-36353FF323F1
Install PPI: 4D8B155B-C059-4C8F-8926-06FD4331DB8A
Install PPI: A60C6B59-E459-425D-9C69-0BCC9CB27D81
Register PPI Notify: 605EA650-C65C-42E1-BA80-91A52AB618C6
Loading PEIM A3610442-E69F-4DF3-82CA-2360C4031A23
Loading PEIM at 0x0000083F7C0 EntryPoint=0x00000841F70 ReportStatusCodeRouterPei.efi
Install PPI: 0065D394-9951-4144-82A3-0AFC8579C251
Install PPI: 229832D3-7A30-4B36-B827-F40CB7D45436
Loading PEIM 9D225237-FA01-464C-A949-BAABC02D31D0
Loading PEIM at 0x00000843240 EntryPoint=0x000008457F0 StatusCodeHandlerPei.efi
Loading PEIM 222C386D-5ABC-4FB4-B124-FBB82488ACF4
Loading PEIM at 0x00000846B40 EntryPoint=0x0000084FAD0 PlatformPei.efi
Select Item: 0x0
FW CFG Signature: 0x554D4551
Select Item: 0x1
FW CFG Revision: 0x3
QemuFwCfg interface (DMA) is supported.
Platform PEIM Loaded
CMOS:
00: 34 00 44 00 21 00 04 01 12 21 26 02 00 80 00 00
10: 50 00 F0 00 07 80 02 FF FF 2F 00 00 04 10 FF FF
20: C8 00 04 3F 00 00 00 00 00 00 00 00 00 00 00 00
30: FF FF 20 00 00 07 00 20 30 00 00 00 00 12 00 00
40: 00 00 00 00 00 00 00 00 00 00 00 00 00 00 00 00
50: 00 00 00 00 00 00 00 00 00 00 00 00 00 00 00 00
60: 00 00 00 00 00 00 00 00 00 00 00 00 00 00 00 00
70: 00 00 00 00 00 00 00 00 00 00 00 00 00 00 00 00
Select Item: 0x19
Select Item: 0x27
S3 support was detected on QEMU
Install PPI: 7408D748-FC8C-4EE6-9288-C4BEC092A410
Select Item: 0x19
Select Item: 0x24
Select Item: 0x19
Select Item: 0x19
GetFirstNonAddress: Pci64Base=0x800000000 Pci64Size=0x800000000
Select Item: 0x5
MaxCpuCountInitialization: QEMU v2.7 reset bug: BootCpuCount=1 Present=0
MaxCpuCountInitialization: BootCpuCount=0 mMaxCpuCount=1
PublishPeiMemory: mPhysMemAddressWidth=36 PeiMemoryCap=65800 KB
PeiInstallPeiMemory MemoryBegin 0x3F36000, MemoryLength 0x4042000
QemuInitializeRam called
Select Item: 0x19
Select Item: 0x24
Reserved variable store memory: 0x7EF4000; size: 528kb
Platform PEI Firmware Volume Initialization
Install PPI: 49EDB1C1-BF21-4761-BB12-EB0031AABB39
Notify: PPI Guid: 49EDB1C1-BF21-4761-BB12-EB0031AABB39, Peim notify entry point: 826B95
The 1th FV start address is 0x00000900000, size is 0x00C00000, handle is 0x900000
Select Item: 0x19
Register PPI Notify: EE16160A-E8BE-47A6-820A-C6900DB0250A
Select Item: 0x19
Temp Stack : BaseAddress=0x818000 Length=0x8000
Temp Heap  : BaseAddress=0x810000 Length=0x8000
Total temporary memory:    65536 bytes.
  temporary memory stack ever used:       29808 bytes.
  temporary memory heap used for HobList: 6608 bytes.
  temporary memory heap occupied by memory pages: 0 bytes.
Memory Allocation 0x0000000A 0x7F78000 - 0x7FFFFFF
Memory Allocation 0x0000000A 0x810000 - 0x81FFFF
Memory Allocation 0x0000000A 0x807000 - 0x807FFF
Memory Allocation 0x0000000A 0x800000 - 0x805FFF
Memory Allocation 0x0000000A 0x806000 - 0x806FFF
Memory Allocation 0x00000006 0x7EF4000 - 0x7F77FFF
Memory Allocation 0x0000000A 0x820000 - 0x8FFFFF
Memory Allocation 0x00000004 0x900000 - 0x14FFFFF
Old Stack size 32768, New stack size 131072
Stack Hob: BaseAddress=0x3F36000 Length=0x20000
Heap Offset = 0x3746000 Stack Offset = 0x3736000
TemporaryRamMigration(0x810000, 0x3F4E000, 0x10000)
Loading PEIM 52C05B14-0B98-496C-BC3B-04B50211D680
Loading PEIM at 0x00007EDB000 EntryPoint=0x00007EECCF1 PeiCore.efi
Reinstall PPI: 8C8CE578-8A3D-4F1C-9935-896185C32DD3
Reinstall PPI: 5473C07A-3DCB-4DCA-BD6F-1E9689E7349A
Reinstall PPI: B9E0ABFE-5979-4914-977F-6DEE78C278A6
Install PPI: F894643D-C449-42D1-8EA8-85BDD8C65BDE
Loading PEIM 9B3ADA4F-AE56-4C24-8DEA-F03B7558AE50
Loading PEIM at 0x00007ED4000 EntryPoint=0x00007ED8DF0 PcdPeim.efi
Reinstall PPI: 06E81C58-4AD7-44BC-8390-F10265F72480
Reinstall PPI: 4D8B155B-C059-4C8F-8926-06FD4331DB8A
Reinstall PPI: 01F34D25-4DE2-23AD-3FF3-36353FF323F1
Reinstall PPI: A60C6B59-E459-425D-9C69-0BCC9CB27D81
Loading PEIM 86D70125-BAA3-4296-A62F-602BEBBB9081
Loading PEIM at 0x00007ECA000 EntryPoint=0x00007ED1309 DxeIpl.efi
Install PPI: 1A36E4E7-FAB6-476A-8E75-695A0576FDD7
Install PPI: 0AE8CE5D-E448-4437-A8D7-EBF5F194F731
Loading PEIM 89E549B0-7CFE-449D-9BA3-10D8B2312D71
Loading PEIM at 0x00007EC3000 EntryPoint=0x00007EC7510 S3Resume2Pei.efi
Install PPI: 6D582DBC-DB85-4514-8FCC-5ADF6227B147
Loading PEIM EDADEB9D-DDBA-48BD-9D22-C1C169C8C5C6
Loading PEIM at 0x00007EB4000 EntryPoint=0x00007EBC2F0 CpuMpPei.efi
Register PPI Notify: F894643D-C449-42D1-8EA8-85BDD8C65BDE
Notify: PPI Guid: F894643D-C449-42D1-8EA8-85BDD8C65BDE, Peim notify entry point: 7EBDC6C
AP Loop Mode is 1
GetMicrocodePatchInfoFromHob: Microcode patch cache HOB is not found.
CPU[0000]: Microcode revision = 00000000, expected = 00000000
Register PPI Notify: 8F9D4825-797D-48FC-8471-845025792EF6
Does not find any stored CPU BIST information from PPI!
  APICID - 0x00000000, BIST - 0x00000000
Install PPI: 9E9F374B-8F16-4230-9824-5846EE766A97
Install PPI: 5CB9CB3D-31A4-480C-9498-29D269BACFBA
Install PPI: EE16160A-E8BE-47A6-820A-C6900DB0250A
Notify: PPI Guid: EE16160A-E8BE-47A6-820A-C6900DB0250A, Peim notify entry point: 84D5C0
PlatformPei: ClearCacheOnMpServicesAvailable
DiscoverPeimsAndOrderWithApriori(): Found 0x0 PEI FFS files in the 1th FV
DXE IPL Entry
Loading PEIM D6A2CB7F-6A18-4E2F-B43B-9920A733700A
Loading PEIM at 0x00007E6C000 EntryPoint=0x00007E6C290 DxeCore.efi
Loading DXE CORE at 0x00007E6C000 EntryPoint=0x00007E6C290
AddressBits=36 5LevelPaging=0 1GPage=0
Pml5=1 Pml4=1 Pdp=64 TotalPage=66
Install PPI: 605EA650-C65C-42E1-BA80-91A52AB618C6
Notify: PPI Guid: 605EA650-C65C-42E1-BA80-91A52AB618C6, Peim notify entry point: 83C94C
CoreInitializeMemoryServices:
  BaseAddress - 0x3F59000 Length - 0x3CA7000 MinimalMemorySizeNeeded - 0x320000
InstallProtocolInterface: 5B1B31A1-9562-11D2-8E3F-00A0C969723B 7EA6308
ProtectUefiImageCommon - 0x7EA6308
  - 0x0000000007E6C000 - 0x000000000003F000
DxeMain: MemoryBaseAddress=0x3F59000 MemoryLength=0x3CA7000
HOBLIST address in DXE = 0x78EA018
Memory Allocation 0x0000000A 0x7F78000 - 0x7FFFFFF
Memory Allocation 0x0000000A 0x810000 - 0x81FFFF
Memory Allocation 0x0000000A 0x807000 - 0x807FFF
Memory Allocation 0x0000000A 0x800000 - 0x805FFF
Memory Allocation 0x0000000A 0x806000 - 0x806FFF
Memory Allocation 0x00000006 0x7EF4000 - 0x7F77FFF
Memory Allocation 0x0000000A 0x820000 - 0x8FFFFF
Memory Allocation 0x00000004 0x900000 - 0x14FFFFF
Memory Allocation 0x00000004 0x7E4C000 - 0x7E6BFFF
Memory Allocation 0x00000003 0x7EDB000 - 0x7EF3FFF
Memory Allocation 0x00000003 0x7ED4000 - 0x7EDAFFF
Memory Allocation 0x00000003 0x7ECA000 - 0x7ED3FFF
Memory Allocation 0x00000003 0x7EC3000 - 0x7EC9FFF
Memory Allocation 0x00000003 0x7EB4000 - 0x7EC2FFF
Memory Allocation 0x00000004 0x7EAB000 - 0x7EB3FFF
Memory Allocation 0x00000003 0x7E6C000 - 0x7EAAFFF
Memory Allocation 0x00000003 0x7E6C000 - 0x7EAAFFF
Memory Allocation 0x00000004 0x7E4C000 - 0x7E6BFFF
Memory Allocation 0x00000004 0x7C00000 - 0x7DFFFFF
Memory Allocation 0x00000007 0x7E00000 - 0x7E4BFFF
Memory Allocation 0x00000004 0x3F36000 - 0x3F55FFF
FV Hob            0x900000 - 0x14FFFFF
InstallProtocolInterface: D8117CFE-94A6-11D4-9A3A-0090273FC14D 7EA7910
InstallProtocolInterface: 8F644FA9-E850-4DB1-9CE2-0B44698E8DA4 78E6CB0
InstallProtocolInterface: 09576E91-6D3F-11D2-8E39-00A0C969723B 78E6D98
InstallProtocolInterface: 220E73B6-6BDB-4413-8405-B974B108619A 78E6630
InstallProtocolInterface: EE4E5898-3914-4259-9D6E-DC7BD79403CF 7EA62D0
Loading driver 9B680FCE-AD6B-4F3A-B60B-F59899003443
InstallProtocolInterface: 5B1B31A1-9562-11D2-8E3F-00A0C969723B 74B3140
Loading driver at 0x0000747F000 EntryPoint=0x0000748AC90 DevicePathDxe.efi
InstallProtocolInterface: BC62157E-3E33-4FEC-9920-2D3B36D750DF 74B3698
ProtectUefiImageCommon - 0x74B3140
  - 0x000000000747F000 - 0x000000000000FB00
InstallProtocolInterface: 0379BE4E-D706-437D-B037-EDB82FB772A4 748DDC0
InstallProtocolInterface: 8B843E20-8132-4852-90CC-551A4E4A7F1C 748DDA0
InstallProtocolInterface: 05C99A21-C70F-4AD2-8A5F-35DF3343F51E 748DD80
Loading driver 80CF7257-87AB-47F9-A3FE-D50B76D89541
InstallProtocolInterface: 5B1B31A1-9562-11D2-8E3F-00A0C969723B 749E0C0
Loading driver at 0x00007477000 EntryPoint=0x0000747C210 PcdDxe.efi
InstallProtocolInterface: BC62157E-3E33-4FEC-9920-2D3B36D750DF 749EA18
ProtectUefiImageCommon - 0x749E0C0
  - 0x0000000007477000 - 0x0000000000007FC0
InstallProtocolInterface: 11B34006-D85B-4D0A-A290-D5A571310EF7 747ECA0
InstallProtocolInterface: 13A3F0F6-264A-3EF0-F2E0-DEC512342F34 747EC00
InstallProtocolInterface: 5BE40F57-FA68-4610-BBBF-E9C5FCDAD365 747EBD0
InstallProtocolInterface: FD0F4478-0EFD-461D-BA2D-E58C45FD5F5E 747EBB0
Loading driver 2EC9DA37-EE35-4DE9-86C5-6D9A81DC38A7
InstallProtocolInterface: 5B1B31A1-9562-11D2-8E3F-00A0C969723B 749D4C0
Loading driver at 0x00007493000 EntryPoint=0x000074965B0 AmdSevDxe.efi
InstallProtocolInterface: BC62157E-3E33-4FEC-9920-2D3B36D750DF 749DC98
ProtectUefiImageCommon - 0x749D4C0
  - 0x0000000007493000 - 0x0000000000004F80
Error: Image at 00007493000 start failed: Unsupported
Loading driver 733CBAC2-B23F-4B92-BC8E-FB01CE5907B7
InstallProtocolInterface: 5B1B31A1-9562-11D2-8E3F-00A0C969723B 749D4C0
Loading driver at 0x00007AE4000 EntryPoint=0x00007AE9E36 FvbServicesRuntimeDxe.efi
InstallProtocolInterface: BC62157E-3E33-4FEC-9920-2D3B36D750DF 749DA98
ProtectUefiImageCommon - 0x749D4C0
  - 0x0000000007AE4000 - 0x000000000000B000
QEMU Flash: Attempting flash detection at FFC00010
QemuFlashDetected => FD behaves as FLASH
QemuFlashDetected => Yes
Installing QEMU flash FVB
InstallProtocolInterface: 8F644FA9-E850-4DB1-9CE2-0B44698E8DA4 79EE8B0
InstallProtocolInterface: 09576E91-6D3F-11D2-8E39-00A0C969723B 749CF98
Loading driver D93CE3D8-A7EB-4730-8C8E-CC466A9ECC3C
InstallProtocolInterface: 5B1B31A1-9562-11D2-8E3F-00A0C969723B 749C140
Loading driver at 0x00007ADB000 EntryPoint=0x00007ADF4BE ReportStatusCodeRouterRuntimeDxe.efi
InstallProtocolInterface: BC62157E-3E33-4FEC-9920-2D3B36D750DF 749D898
ProtectUefiImageCommon - 0x749C140
  - 0x0000000007ADB000 - 0x0000000000009000
InstallProtocolInterface: 86212936-0E76-41C8-A03A-2AF2FC1C39E2 7AE2030
InstallProtocolInterface: D2B2B828-0826-48A7-B3DF-983C006024F0 7AE2010
Loading driver B601F8C4-43B7-4784-95B1-F4226CB40CEE
InstallProtocolInterface: 5B1B31A1-9562-11D2-8E3F-00A0C969723B 748F040
Loading driver at 0x00007AD2000 EntryPoint=0x00007AD6709 RuntimeDxe.efi
InstallProtocolInterface: BC62157E-3E33-4FEC-9920-2D3B36D750DF 748FD98
ProtectUefiImageCommon - 0x748F040
  - 0x0000000007AD2000 - 0x0000000000009000
InstallProtocolInterface: B7DFB4E1-052F-449F-87BE-9818FC91B733 7AD9000
Loading driver F80697E9-7FD6-4665-8646-88E33EF71DFC
InstallProtocolInterface: 5B1B31A1-9562-11D2-8E3F-00A0C969723B 748F4C0
Loading driver at 0x00007471000 EntryPoint=0x00007474D18 SecurityStubDxe.efi
InstallProtocolInterface: BC62157E-3E33-4FEC-9920-2D3B36D750DF 748F798
ProtectUefiImageCommon - 0x748F4C0
  - 0x0000000007471000 - 0x0000000000005BC0
InstallProtocolInterface: 94AB2F58-1438-4EF1-9152-18941A3A0E68 7476948
InstallProtocolInterface: A46423E3-4617-49F1-B9FF-D1BFA9115839 7476940
InstallProtocolInterface: 15853D7C-3DDF-43E0-A1CB-EBF85B8F872C 7476920
Loading driver 13AC6DD0-73D0-11D4-B06B-00AA00BD6DE7
InstallProtocolInterface: 5B1B31A1-9562-11D2-8E3F-00A0C969723B 7499940
Loading driver at 0x00007468000 EntryPoint=0x0000746E260 EbcDxe.efi
InstallProtocolInterface: BC62157E-3E33-4FEC-9920-2D3B36D750DF 7499898
ProtectUefiImageCommon - 0x7499940
  - 0x0000000007468000 - 0x0000000000008540
InstallProtocolInterface: 13AC6DD1-73D0-11D4-B06B-00AA00BD6DE7 7499818
InstallProtocolInterface: 96F46153-97A7-4793-ACC1-FA19BF78EA97 7470260
InstallProtocolInterface: 2755590C-6F3C-42FA-9EA4-A3BA543CDA25 7498018
InstallProtocolInterface: AAEACCFD-F27B-4C17-B610-75CA1F2DFB52 7498E98
Loading driver 245CB4DA-8E15-4A1B-87E3-9878FFA07520
InstallProtocolInterface: 5B1B31A1-9562-11D2-8E3F-00A0C969723B 74980C0
Loading driver at 0x00007490000 EntryPoint=0x00007492580 Legacy8259.efi
InstallProtocolInterface: BC62157E-3E33-4FEC-9920-2D3B36D750DF 7499318
ProtectUefiImageCommon - 0x74980C0
  - 0x0000000007490000 - 0x0000000000003740
InstallProtocolInterface: 38321DBA-4FE0-4E17-8AEC-413055EAEDC1 74935C0
Loading driver A19B1FE7-C1BC-49F8-875F-54A5D542443F
InstallProtocolInterface: 5B1B31A1-9562-11D2-8E3F-00A0C969723B 7498540
Loading driver at 0x0000705E000 EntryPoint=0x00007060E5C CpuIo2Dxe.efi
InstallProtocolInterface: BC62157E-3E33-4FEC-9920-2D3B36D750DF 7497018
ProtectUefiImageCommon - 0x7498540
  - 0x000000000705E000 - 0x0000000000004440
InstallProtocolInterface: AD61F191-AE5F-4C0E-B9FA-E869D288C64F 70622C0
Loading driver 1A1E4886-9517-440E-9FDE-3BE44CEE2136
InstallProtocolInterface: 5B1B31A1-9562-11D2-8E3F-00A0C969723B 74970C0
Loading driver at 0x0000702C000 EntryPoint=0x0000702D9F0 CpuDxe.efi
InstallProtocolInterface: BC62157E-3E33-4FEC-9920-2D3B36D750DF 7497B18
ProtectUefiImageCommon - 0x74970C0
  - 0x000000000702C000 - 0x0000000000018840
Paging: added 512 pages to page table pool
CurrentPagingContext:
  MachineType   - 0x8664
  PageTableBase - 0x7C01000
  Attributes    - 0xC0000002
InstallProtocolInterface: 26BACCB1-6F42-11D4-BCE7-0080C73C8881 70435E0
MemoryProtectionCpuArchProtocolNotify:
ProtectUefiImageCommon - 0x7EA6308
  - 0x0000000007E6C000 - 0x000000000003F000
ProtectUefiImageCommon - 0x74B3140
  - 0x000000000747F000 - 0x000000000000FB00
ProtectUefiImageCommon - 0x749E0C0
  - 0x0000000007477000 - 0x0000000000007FC0
ProtectUefiImageCommon - 0x749D4C0
  - 0x0000000007AE4000 - 0x000000000000B000
SetUefiImageMemoryAttributes - 0x0000000007AE4000 - 0x0000000000001000 (0x0000000000004000)
SetUefiImageMemoryAttributes - 0x0000000007AE5000 - 0x0000000000008000 (0x0000000000020000)
SetUefiImageMemoryAttributes - 0x0000000007AED000 - 0x0000000000002000 (0x0000000000004000)
ProtectUefiImageCommon - 0x749C140
  - 0x0000000007ADB000 - 0x0000000000009000
SetUefiImageMemoryAttributes - 0x0000000007ADB000 - 0x0000000000001000 (0x0000000000004000)
SetUefiImageMemoryAttributes - 0x0000000007ADC000 - 0x0000000000006000 (0x0000000000020000)
SetUefiImageMemoryAttributes - 0x0000000007AE2000 - 0x0000000000002000 (0x0000000000004000)
ProtectUefiImageCommon - 0x748F040
  - 0x0000000007AD2000 - 0x0000000000009000
SetUefiImageMemoryAttributes - 0x0000000007AD2000 - 0x0000000000001000 (0x0000000000004000)
SetUefiImageMemoryAttributes - 0x0000000007AD3000 - 0x0000000000006000 (0x0000000000020000)
SetUefiImageMemoryAttributes - 0x0000000007AD9000 - 0x0000000000002000 (0x0000000000004000)
ProtectUefiImageCommon - 0x748F4C0
  - 0x0000000007471000 - 0x0000000000005BC0
ProtectUefiImageCommon - 0x7499940
  - 0x0000000007468000 - 0x0000000000008540
ProtectUefiImageCommon - 0x74980C0
  - 0x0000000007490000 - 0x0000000000003740
ProtectUefiImageCommon - 0x7498540
  - 0x000000000705E000 - 0x0000000000004440
ProtectUefiImageCommon - 0x74970C0
  - 0x000000000702C000 - 0x0000000000018840
ConvertPages: failed to find range A0000 - FFFFF
ConvertPages: failed to find range 80000000 - FBFFFFFF
ConvertPages: failed to find range FEC00000 - FEC00FFF
Failed to update capability: [8] 00000000FED00000 - 00000000FED003FF (C700000000000001 -> C700000000026001)
ConvertPages: failed to find range FEE00000 - FEEFFFFF
ConvertPages: failed to find range FFC00000 - FFFFFFFF
AP Loop Mode is 1
GetMicrocodePatchInfoFromHob: MicrocodeBase = 0x0, MicrocodeSize = 0x0
CPU[0000]: Microcode revision = 00000000, expected = 00000000
Detect CPU count: 1
InstallProtocolInterface: 3FDDA605-A76E-4F46-AD29-12F4531B3D08 70436A0
Loading driver F6697AC4-A776-4EE1-B643-1FEFF2B615BB
InstallProtocolInterface: 5B1B31A1-9562-11D2-8E3F-00A0C969723B 70664C0
Loading driver at 0x00007046000 EntryPoint=0x000070484B0 IncompatiblePciDeviceSupportDxe.efi
InstallProtocolInterface: BC62157E-3E33-4FEC-9920-2D3B36D750DF 7066798
ProtectUefiImageCommon - 0x70664C0
  - 0x0000000007046000 - 0x0000000000003A40
InstallProtocolInterface: EB23F55A-7863-4AC2-8D3D-956535DE0375 7049908
Loading driver 11A6EDF6-A9BE-426D-A6CC-B22FE51D9224
InstallProtocolInterface: 5B1B31A1-9562-11D2-8E3F-00A0C969723B 70651C0
Loading driver at 0x0000701A000 EntryPoint=0x0000701F480 PciHotPlugInitDxe.efi
InstallProtocolInterface: BC62157E-3E33-4FEC-9920-2D3B36D750DF 7065B98
ProtectUefiImageCommon - 0x70651C0
  - 0x000000000701A000 - 0x0000000000008140
InstallProtocolInterface: AA0E8BC1-DABC-46B0-A844-37B8169B2BEA 7022010
Loading driver 4B28E4C7-FF36-4E10-93CF-A82159E777C5
InstallProtocolInterface: 5B1B31A1-9562-11D2-8E3F-00A0C969723B 70655C0
Loading driver at 0x00007AC9000 EntryPoint=0x00007ACDBBD ResetSystemRuntimeDxe.efi
InstallProtocolInterface: BC62157E-3E33-4FEC-9920-2D3B36D750DF 7064F18
ProtectUefiImageCommon - 0x70655C0
  - 0x0000000007AC9000 - 0x0000000000009000
SetUefiImageMemoryAttributes - 0x0000000007AC9000 - 0x0000000000001000 (0x0000000000004008)
SetUefiImageMemoryAttributes - 0x0000000007ACA000 - 0x0000000000006000 (0x0000000000020008)
SetUefiImageMemoryAttributes - 0x0000000007AD0000 - 0x0000000000002000 (0x0000000000004008)
InstallProtocolInterface: 27CFAC88-46CC-11D4-9A38-0090273FC14D 0
InstallProtocolInterface: 9DA34AE0-EAF9-4BBF-8EC3-FD60226C44BE 7AD00A8
InstallProtocolInterface: 695D7835-8D47-4C11-AB22-FA8ACCE7AE7A 7AD0068
InstallProtocolInterface: 2DF6BA0B-7092-440D-BD04-FB091EC3F3C1 7AD0028
Loading driver C8339973-A563-4561-B858-D8476F9DEFC4
InstallProtocolInterface: 5B1B31A1-9562-11D2-8E3F-00A0C969723B 7064240
Loading driver at 0x00007028000 EntryPoint=0x0000702A610 Metronome.efi
InstallProtocolInterface: BC62157E-3E33-4FEC-9920-2D3B36D750DF 7064598
ProtectUefiImageCommon - 0x7064240
  - 0x0000000007028000 - 0x0000000000003B80
InstallProtocolInterface: 26BACCB2-6F42-11D4-BCE7-0080C73C8881 702BA00
Loading driver 79E4A61C-ED73-4312-94FE-E3E7563362A9
InstallProtocolInterface: 5B1B31A1-9562-11D2-8E3F-00A0C969723B 7063CC0
Loading driver at 0x00007015000 EntryPoint=0x00007017B40 PrintDxe.efi
InstallProtocolInterface: BC62157E-3E33-4FEC-9920-2D3B36D750DF 7063B18
ProtectUefiImageCommon - 0x7063CC0
  - 0x0000000007015000 - 0x0000000000004180
InstallProtocolInterface: F05976EF-83F1-4F3D-8619-F7595D41E538 7018FE0
InstallProtocolInterface: 0CC252D2-C106-4661-B5BD-3147A4F81F92 7018F80
Loading driver 348C4D62-BFBD-4882-9ECE-C80BB1C4783B
InstallProtocolInterface: 5B1B31A1-9562-11D2-8E3F-00A0C969723B 70632C0
Loading driver at 0x00006DBE000 EntryPoint=0x00006DD32FC HiiDatabase.efi
InstallProtocolInterface: BC62157E-3E33-4FEC-9920-2D3B36D750DF 7063618
ProtectUefiImageCommon - 0x70632C0
  - 0x0000000006DBE000 - 0x0000000000020500
InstallProtocolInterface: E9CA4775-8657-47FC-97E7-7ED65A084324 6DDE108
InstallProtocolInterface: 0FD96974-23AA-4CDC-B9CB-98D17750322A 6DDE180
InstallProtocolInterface: EF9FC172-A1B2-4693-B327-6D32FC416042 6DDE1A8
InstallProtocolInterface: 587E72D7-CC50-4F79-8209-CA291FC1A10F 6DDE200
InstallProtocolInterface: 0A8BADD5-03B8-4D19-B128-7B8F0EDAA596 6DDE230
InstallProtocolInterface: 31A6406A-6BDF-4E46-B2A2-EBAA89C40920 6DDE128
InstallProtocolInterface: 1A1241E6-8F19-41A9-BC0E-E8EF39E06546 6DDE150
Loading driver 96B5C032-DF4C-4B6E-8232-438DCF448D0E
InstallProtocolInterface: 5B1B31A1-9562-11D2-8E3F-00A0C969723B 704D1C0
Loading driver at 0x00007011000 EntryPoint=0x00007013635 NullMemoryTestDxe.efi
InstallProtocolInterface: BC62157E-3E33-4FEC-9920-2D3B36D750DF 704D498
ProtectUefiImageCommon - 0x704D1C0
  - 0x0000000007011000 - 0x0000000000003D00
InstallProtocolInterface: 309DE7F1-7F5E-4ACE-B49C-531BE5AA95EF 7014B00
Loading driver 9622E42C-8E38-4A08-9E8F-54F784652F6B
InstallProtocolInterface: 5B1B31A1-9562-11D2-8E3F-00A0C969723B 704C0C0
Loading driver at 0x00006DF3000 EntryPoint=0x00006DFB8A6 AcpiTableDxe.efi
InstallProtocolInterface: BC62157E-3E33-4FEC-9920-2D3B36D750DF 704CA98
ProtectUefiImageCommon - 0x704C0C0
  - 0x0000000006DF3000 - 0x000000000000C380
InstallProtocolInterface: FFE06BDD-6107-46A6-7BB2-5A9C7EC5275C 704C520
InstallProtocolInterface: EB97088E-CFDF-49C6-BE4B-D906A5B20E86 704C530
Loading driver A210F973-229D-4F4D-AA37-9895E6C9EABA
InstallProtocolInterface: 5B1B31A1-9562-11D2-8E3F-00A0C969723B 704B040
Loading driver at 0x0000700D000 EntryPoint=0x0000700F4A0 DpcDxe.efi
InstallProtocolInterface: BC62157E-3E33-4FEC-9920-2D3B36D750DF 704C418
ProtectUefiImageCommon - 0x704B040
  - 0x000000000700D000 - 0x0000000000003940
InstallProtocolInterface: 480F8AE9-0C46-4AA9-BC89-DB9FBA619806 70105D0
Loading driver 8657015B-EA43-440D-949A-AF3BE365C0FC
InstallProtocolInterface: 5B1B31A1-9562-11D2-8E3F-00A0C969723B 704B440
Loading driver at 0x00007001000 EntryPoint=0x00007004400 IoMmuDxe.efi
InstallProtocolInterface: BC62157E-3E33-4FEC-9920-2D3B36D750DF 704BB98
ProtectUefiImageCommon - 0x704B440
  - 0x0000000007001000 - 0x0000000000005AC0
InstallProtocolInterface: F8775D50-8ABD-4ADF-92AC-853E51F6C8DC 0
Loading driver 22DC2B60-FE40-42AC-B01F-3AB1FAD9AAD8
InstallProtocolInterface: 5B1B31A1-9562-11D2-8E3F-00A0C969723B 704A040
Loading driver at 0x00007AC1000 EntryPoint=0x00007AC5116 EmuVariableFvbRuntimeDxe.efi
InstallProtocolInterface: BC62157E-3E33-4FEC-9920-2D3B36D750DF 704AE18
ProtectUefiImageCommon - 0x704A040
  - 0x0000000007AC1000 - 0x0000000000008000
SetUefiImageMemoryAttributes - 0x0000000007AC1000 - 0x0000000000001000 (0x0000000000004008)
SetUefiImageMemoryAttributes - 0x0000000007AC2000 - 0x0000000000005000 (0x0000000000020008)
SetUefiImageMemoryAttributes - 0x0000000007AC7000 - 0x0000000000002000 (0x0000000000004008)
EMU Variable FVB Started
Disabling EMU Variable FVB since flash variables appear to be supported.
Error: Image at 00007AC1000 start failed: Aborted
SetUefiImageMemoryAttributes - 0x0000000007AC1000 - 0x0000000000008000 (0x0000000000000008)
Loading driver CBD2E4D5-7068-4FF5-B462-9822B4AD8D60
InstallProtocolInterface: 5B1B31A1-9562-11D2-8E3F-00A0C969723B 704A040
Loading driver at 0x00007AB6000 EntryPoint=0x00007AC07A0 VariableRuntimeDxe.efi
InstallProtocolInterface: BC62157E-3E33-4FEC-9920-2D3B36D750DF 704AE98
ProtectUefiImageCommon - 0x704A040
  - 0x0000000007AB6000 - 0x0000000000013000
SetUefiImageMemoryAttributes - 0x0000000007AB6000 - 0x0000000000001000 (0x0000000000004008)
SetUefiImageMemoryAttributes - 0x0000000007AB7000 - 0x0000000000010000 (0x0000000000020008)
SetUefiImageMemoryAttributes - 0x0000000007AC7000 - 0x0000000000002000 (0x0000000000004008)
VarCheckLibRegisterSetVariableCheckHandler - 0x7AC24C6 Success
Variable driver common space: 0x3FF9C 0x3FF9C 0x3FF9C
Variable driver will work with auth variable format!
InstallProtocolInterface: CD3D0A05-9E24-437C-A891-1EE053DB7638 7AC7250
InstallProtocolInterface: AF23B340-97B4-4685-8D4F-A3F28169B21D 7AC7220
InstallProtocolInterface: 1E5668E2-8481-11D4-BCF1-0080C73C8881 0
VarCheckLibRegisterSetVariableCheckHandler - 0x7AC1BF2 Success
InstallProtocolInterface: 81D1675C-86F6-48DF-BD95-9A6E4F0925C3 7AC71A0
Loading driver 6C2004EF-4E0E-4BE4-B14C-340EB4AA5891
InstallProtocolInterface: 5B1B31A1-9562-11D2-8E3F-00A0C969723B 7045BC0
Loading driver at 0x00007AAF000 EntryPoint=0x00007AB2C26 StatusCodeHandlerRuntimeDxe.efi
InstallProtocolInterface: BC62157E-3E33-4FEC-9920-2D3B36D750DF 7045A98
ProtectUefiImageCommon - 0x7045BC0
  - 0x0000000007AAF000 - 0x0000000000007000
SetUefiImageMemoryAttributes - 0x0000000007AAF000 - 0x0000000000001000 (0x0000000000004008)
SetUefiImageMemoryAttributes - 0x0000000007AB0000 - 0x0000000000005000 (0x0000000000020008)
SetUefiImageMemoryAttributes - 0x0000000007AB5000 - 0x0000000000001000 (0x0000000000004008)
Loading driver C190FE35-44AA-41A1-8AEA-4947BC60E09D
InstallProtocolInterface: 5B1B31A1-9562-11D2-8E3F-00A0C969723B 7045340
Loading driver at 0x00007009000 EntryPoint=0x0000700B430 Timer.efi
InstallProtocolInterface: BC62157E-3E33-4FEC-9920-2D3B36D750DF 7045698
ProtectUefiImageCommon - 0x7045340
  - 0x0000000007009000 - 0x00000000000036C0
InstallProtocolInterface: 26BACCB3-6F42-11D4-BCE7-0080C73C8881 700C500
Loading driver 128FB770-5E79-4176-9E51-9BB268A17DD1
InstallProtocolInterface: 5B1B31A1-9562-11D2-8E3F-00A0C969723B 70230C0
Loading driver at 0x00006DB2000 EntryPoint=0x00006DB9CCA PciHostBridgeDxe.efi
InstallProtocolInterface: BC62157E-3E33-4FEC-9920-2D3B36D750DF 7023A98
ProtectUefiImageCommon - 0x70230C0
  - 0x0000000006DB2000 - 0x000000000000BEC0
Select Item: 0x0
FW CFG Signature: 0x554D4551
Select Item: 0x1
FW CFG Revision: 0x3
QemuFwCfg interface (DMA) is supported.
Select Item: 0x19
PciHostBridgeUtilityInitRootBridge: populated root bus 0, with room for 255 subordinate bus(es)
RootBridge: PciRoot(0x0)
  Support/Attr: 70069 / 70069
    DmaAbove4G: No
NoExtConfSpace: Yes
     AllocAttr: 3 (CombineMemPMem Mem64Decode)
           Bus: 0 - FF Translation=0
            Io: C000 - FFFF Translation=0
           Mem: 80000000 - FBFFFFFF Translation=0
    MemAbove4G: 800000000 - FFFFFFFFF Translation=0
          PMem: FFFFFFFFFFFFFFFF - 0 Translation=0
   PMemAbove4G: FFFFFFFFFFFFFFFF - 0 Translation=0
InstallProtocolInterface: CF8034BE-6768-4D8B-B739-7CCE683A9FBE 70237C0
InstallProtocolInterface: 09576E91-6D3F-11D2-8E39-00A0C969723B 7023518
InstallProtocolInterface: 2F707EBB-4A1A-11D4-9A38-0090273FC14D 70271F0
Loading driver EBF342FE-B1D3-4EF8-957C-8048606FF671
InstallProtocolInterface: 5B1B31A1-9562-11D2-8E3F-00A0C969723B 7027440
Loading driver at 0x00006D78000 EntryPoint=0x00006D89B6E SetupBrowser.efi
InstallProtocolInterface: BC62157E-3E33-4FEC-9920-2D3B36D750DF 7027A18
ProtectUefiImageCommon - 0x7027440
  - 0x0000000006D78000 - 0x000000000001C2C0
InstallProtocolInterface: B9D4C360-BCFB-4F9B-9298-53C136982258 6D93EB0
InstallProtocolInterface: A770C357-B693-4E6D-A6CF-D21C728E550B 6D93EE0
InstallProtocolInterface: 1F73B18D-4630-43C1-A1DE-6F80855D7DA4 6D93EC0
Loading driver F9D88642-0737-49BC-81B5-6889CD57D9EA
InstallProtocolInterface: 5B1B31A1-9562-11D2-8E3F-00A0C969723B 70262C0
Loading driver at 0x00006DE3000 EntryPoint=0x00006DE7DA0 SmbiosDxe.efi
InstallProtocolInterface: BC62157E-3E33-4FEC-9920-2D3B36D750DF 7026A18
ProtectUefiImageCommon - 0x70262C0
  - 0x0000000006DE3000 - 0x0000000000007E40
Select Item: 0x0
FW CFG Signature: 0x554D4551
Select Item: 0x1
FW CFG Revision: 0x3
QemuFwCfg interface (DMA) is supported.
Select Item: 0x19
Select Item: 0x19
Select Item: 0x25
DetectSmbiosVersion: SMBIOS version from QEMU: 0x0208
InstallProtocolInterface: 03583FF6-CB36-4940-947E-B9B39F4AFAF7 6DEACB0
Loading driver 17985E6F-E778-4D94-AEFA-C5DD2B77E186
InstallProtocolInterface: 5B1B31A1-9562-11D2-8E3F-00A0C969723B 7025040
Loading driver at 0x00006DA0000 EntryPoint=0x00006DA5E50 QemuFwCfgAcpiPlatform.efi
InstallProtocolInterface: BC62157E-3E33-4FEC-9920-2D3B36D750DF 7025F18
ProtectUefiImageCommon - 0x7025040
  - 0x0000000006DA0000 - 0x0000000000008E40
Select Item: 0x0
FW CFG Signature: 0x554D4551
Select Item: 0x1
FW CFG Revision: 0x3
QemuFwCfg interface (DMA) is supported.
AcpiPlatformEntryPoint: waiting for root bridges to be connected, registered callback
Loading driver BDCE85BB-FBAA-4F4E-9264-501A2C249581
InstallProtocolInterface: 5B1B31A1-9562-11D2-8E3F-00A0C969723B 7025440
Loading driver at 0x00006D60000 EntryPoint=0x00006D65FF6 S3SaveStateDxe.efi
InstallProtocolInterface: BC62157E-3E33-4FEC-9920-2D3B36D750DF 7025C98
ProtectUefiImageCommon - 0x7025440
  - 0x0000000006D60000 - 0x000000000000BE00
Select Item: 0x0
FW CFG Signature: 0x554D4551
Select Item: 0x1
FW CFG Revision: 0x3
QemuFwCfg interface (DMA) is supported.
Select Item: 0x19
Select Item: 0x27
InstallProtocolInterface: BD445D79-B7AD-4F04-9AD8-29BD2040EB3C 0
InstallProtocolInterface: E857CAF6-C046-45DC-BE3F-EE0765FBA887 6D6BA80
Loading driver A487A478-51EF-48AA-8794-7BEE2A0562F1
InstallProtocolInterface: 5B1B31A1-9562-11D2-8E3F-00A0C969723B 7024140
Loading driver at 0x00006D46000 EntryPoint=0x00006D4A8F2 tftpDynamicCommand.efi
InstallProtocolInterface: BC62157E-3E33-4FEC-9920-2D3B36D750DF 7024B18
InstallProtocolInterface: 6A1EE763-D47A-43B4-AABE-EF1DE2AB56FC 6D50FF0
ProtectUefiImageCommon - 0x7024140
  - 0x0000000006D46000 - 0x000000000000CB40
InstallProtocolInterface: 3C7200E9-005F-4EA4-87DE-A3DFAC8A27C3 6D50B50
Loading driver 19618BCE-55AE-09C6-37E9-4CE04084C7A1
InstallProtocolInterface: 5B1B31A1-9562-11D2-8E3F-00A0C969723B 7000B40
Loading driver at 0x00006D26000 EntryPoint=0x00006D2B061 httpDynamicCommand.efi
InstallProtocolInterface: BC62157E-3E33-4FEC-9920-2D3B36D750DF 7024818
InstallProtocolInterface: 6A1EE763-D47A-43B4-AABE-EF1DE2AB56FC 6D32FB0
ProtectUefiImageCommon - 0x7000B40
  - 0x0000000006D26000 - 0x000000000000F240
InstallProtocolInterface: 3C7200E9-005F-4EA4-87DE-A3DFAC8A27C3 6D32A90
Loading driver 2F30DA26-F51B-4B6F-85C4-31873C281BCA
InstallProtocolInterface: 5B1B31A1-9562-11D2-8E3F-00A0C969723B 7000240
Loading driver at 0x00006D6D000 EntryPoint=0x00006D6D63B LinuxInitrdDynamicShellCommand.efi
InstallProtocolInterface: BC62157E-3E33-4FEC-9920-2D3B36D750DF 7000598
InstallProtocolInterface: 6A1EE763-D47A-43B4-AABE-EF1DE2AB56FC 6D766B0
ProtectUefiImageCommon - 0x7000240
  - 0x0000000006D6D000 - 0x000000000000A1C0
InstallProtocolInterface: 3C7200E9-005F-4EA4-87DE-A3DFAC8A27C3 6D76410
Loading driver F74D20EE-37E7-48FC-97F7-9B1047749C69
InstallProtocolInterface: 5B1B31A1-9562-11D2-8E3F-00A0C969723B 6DEF7C0
Loading driver at 0x00006D99000 EntryPoint=0x00006D9B338 LogoDxe.efi
InstallProtocolInterface: BC62157E-3E33-4FEC-9920-2D3B36D750DF 6DEEA98
InstallProtocolInterface: 6A1EE763-D47A-43B4-AABE-EF1DE2AB56FC 6D9C7B0
ProtectUefiImageCommon - 0x6DEF7C0
  - 0x0000000006D99000 - 0x0000000000006700
InstallProtocolInterface: 53CD299F-2BC1-40C0-8C07-23F64FDB30E0 6D9C5D8
Loading driver DCE1B094-7DC6-45D0-9FDD-D7FC3CC3E4EF
InstallProtocolInterface: 5B1B31A1-9562-11D2-8E3F-00A0C969723B 6DEF240
Loading driver at 0x00006D58000 EntryPoint=0x00006D5CF30 QemuRamfbDxe.efi
InstallProtocolInterface: BC62157E-3E33-4FEC-9920-2D3B36D750DF 6DED418
ProtectUefiImageCommon - 0x6DEF240
  - 0x0000000006D58000 - 0x0000000000007280
Select Item: 0x0
FW CFG Signature: 0x554D4551
Select Item: 0x1
FW CFG Revision: 0x3
QemuFwCfg interface (DMA) is supported.
Select Item: 0x19
Error: Image at 00006D58000 start failed: Not Found
Loading driver FE5CEA76-4F72-49E8-986F-2CD899DFFE5D
InstallProtocolInterface: 5B1B31A1-9562-11D2-8E3F-00A0C969723B 6DEF240
Loading driver at 0x00006D58000 EntryPoint=0x00006D5AFB4 FaultTolerantWriteDxe.efi
InstallProtocolInterface: BC62157E-3E33-4FEC-9920-2D3B36D750DF 6DEDD98
ProtectUefiImageCommon - 0x6DEF240
  - 0x0000000006D58000 - 0x0000000000007780
Ftw: FtwWorkSpaceLba - 0x41, WorkBlockSize  - 0x1000, FtwWorkSpaceBase - 0x0
Ftw: FtwSpareLba     - 0x42, SpareBlockSize - 0x1000
Ftw: NumberOfWorkBlock - 0x1, FtwWorkBlockLba - 0x41
Ftw: WorkSpaceLbaInSpare - 0x0, WorkSpaceBaseInSpare - 0x0
Ftw: Remaining work space size - FE0
InstallProtocolInterface: 3EBD9E82-2C78-4DE6-9786-8D4BFCB7C881 6DEB028
NOTICE - AuthVariableLibInitialize() returns Unsupported!
Variable driver will continue to work without auth variable support!
RecordSecureBootPolicyVarData GetVariable SecureBoot Status E
InstallProtocolInterface: 6441F818-6362-4E44-B570-7DBA31DD2453 0
Loading driver 378D7B65-8DA9-4773-B6E4-A47826A833E1
InstallProtocolInterface: 5B1B31A1-9562-11D2-8E3F-00A0C969723B 6DED7C0
Loading driver at 0x00007AA6000 EntryPoint=0x00007AAB87E PcRtc.efi
InstallProtocolInterface: BC62157E-3E33-4FEC-9920-2D3B36D750DF 6DED498
ProtectUefiImageCommon - 0x6DED7C0
  - 0x0000000007AA6000 - 0x0000000000009000
SetUefiImageMemoryAttributes - 0x0000000007AA6000 - 0x0000000000001000 (0x0000000000004008)
SetUefiImageMemoryAttributes - 0x0000000007AA7000 - 0x0000000000007000 (0x0000000000020008)
SetUefiImageMemoryAttributes - 0x0000000007AAE000 - 0x0000000000001000 (0x0000000000004008)
InstallProtocolInterface: 27CFAC87-46CC-11D4-9A38-0090273FC14D 0
Loading driver F099D67F-71AE-4C36-B2A3-DCEB0EB2B7D8
InstallProtocolInterface: 5B1B31A1-9562-11D2-8E3F-00A0C969723B 6DDF1C0
Loading driver at 0x00006DAA000 EntryPoint=0x00006DAC530 WatchdogTimer.efi
InstallProtocolInterface: BC62157E-3E33-4FEC-9920-2D3B36D750DF 6DDF998
ProtectUefiImageCommon - 0x6DDF1C0
  - 0x0000000006DAA000 - 0x0000000000003980
InstallProtocolInterface: 665E3FF5-46CC-11D4-9A38-0090273FC14D 6DAD780
Loading driver AD608272-D07F-4964-801E-7BD3B7888652
InstallProtocolInterface: 5B1B31A1-9562-11D2-8E3F-00A0C969723B 6DB1B40
Loading driver at 0x00007AA0000 EntryPoint=0x00007AA34D5 MonotonicCounterRuntimeDxe.efi
InstallProtocolInterface: BC62157E-3E33-4FEC-9920-2D3B36D750DF 6DDF598
ProtectUefiImageCommon - 0x6DB1B40
  - 0x0000000007AA0000 - 0x0000000000006000
SetUefiImageMemoryAttributes - 0x0000000007AA0000 - 0x0000000000001000 (0x0000000000004008)
SetUefiImageMemoryAttributes - 0x0000000007AA1000 - 0x0000000000004000 (0x0000000000020008)
SetUefiImageMemoryAttributes - 0x0000000007AA5000 - 0x0000000000001000 (0x0000000000004008)
InstallProtocolInterface: 1DA97072-BDDC-4B30-99F1-72A0B56FFF2A 0
Loading driver 42857F0A-13F2-4B21-8A23-53D3F714B840
InstallProtocolInterface: 5B1B31A1-9562-11D2-8E3F-00A0C969723B 6DB1240
Loading driver at 0x00007A9A000 EntryPoint=0x00007A9D67C CapsuleRuntimeDxe.efi
InstallProtocolInterface: BC62157E-3E33-4FEC-9920-2D3B36D750DF 6DB0F18
ProtectUefiImageCommon - 0x6DB1240
  - 0x0000000007A9A000 - 0x0000000000006000
SetUefiImageMemoryAttributes - 0x0000000007A9A000 - 0x0000000000001000 (0x0000000000004008)
SetUefiImageMemoryAttributes - 0x0000000007A9B000 - 0x0000000000004000 (0x0000000000020008)
SetUefiImageMemoryAttributes - 0x0000000007A9F000 - 0x0000000000001000 (0x0000000000004008)
InstallProtocolInterface: 5053697E-2CBC-4819-90D9-0580DEEE5754 0
Loading driver EBF8ED7C-0DD1-4787-84F1-F48D537DCACF
InstallProtocolInterface: 5B1B31A1-9562-11D2-8E3F-00A0C969723B 6DB07C0
Loading driver at 0x00006D1D000 EntryPoint=0x00006D20D3B DriverHealthManagerDxe.efi
InstallProtocolInterface: BC62157E-3E33-4FEC-9920-2D3B36D750DF 6DB0598
ProtectUefiImageCommon - 0x6DB07C0
  - 0x0000000006D1D000 - 0x0000000000008B00
InstallProtocolInterface: 09576E91-6D3F-11D2-8E39-00A0C969723B 6D25820
InstallProtocolInterface: 330D4706-F2A0-4E4F-A369-B66FA8D54385 6D257F0
Loading driver 6D33944A-EC75-4855-A54D-809C75241F6C
InstallProtocolInterface: 5B1B31A1-9562-11D2-8E3F-00A0C969723B 6DAF040
Loading driver at 0x00006CD1000 EntryPoint=0x00006CEA990 BdsDxe.efi
InstallProtocolInterface: BC62157E-3E33-4FEC-9920-2D3B36D750DF 6DAEE18
ProtectUefiImageCommon - 0x6DAF040
  - 0x0000000006CD1000 - 0x0000000000025640
Select Item: 0x0
FW CFG Signature: 0x554D4551
Select Item: 0x1
FW CFG Revision: 0x3
QemuFwCfg interface (DMA) is supported.
InstallProtocolInterface: 665E3FF6-46CC-11D4-9A38-0090273FC14D 6CF5D10
Loading driver 28A03FF4-12B3-4305-A417-BB1A4F94081E
InstallProtocolInterface: 5B1B31A1-9562-11D2-8E3F-00A0C969723B 6DAEA40
Loading driver at 0x00006D0E000 EntryPoint=0x00006D0E939 RamDiskDxe.efi
InstallProtocolInterface: BC62157E-3E33-4FEC-9920-2D3B36D750DF 6DAE998
ProtectUefiImageCommon - 0x6DAEA40
  - 0x0000000006D0E000 - 0x000000000000EE80
InstallProtocolInterface: 09576E91-6D3F-11D2-8E39-00A0C969723B 6DAE598
InstallProtocolInterface: 330D4706-F2A0-4E4F-A369-B66FA8D54385 6D1C1D8
InstallProtocolInterface: 09576E91-6D3F-11D2-8E39-00A0C969723B 6D1CB10
InstallProtocolInterface: 330D4706-F2A0-4E4F-A369-B66FA8D54385 6D98FB0
InstallProtocolInterface: AB38A0DF-6873-44A9-87E6-D4EB56148449 6D1CBA0
InstallProtocolInterface: 28A03FF4-12B3-4305-A417-BB1A4F94081E 6D98F98
Loading driver E660EA85-058E-4B55-A54B-F02F83A24707
InstallProtocolInterface: 5B1B31A1-9562-11D2-8E3F-00A0C969723B 6D97740
Loading driver at 0x00006CA1000 EntryPoint=0x00006CAF439 DisplayEngine.efi
InstallProtocolInterface: BC62157E-3E33-4FEC-9920-2D3B36D750DF 6D97A18
ProtectUefiImageCommon - 0x6D97740
  - 0x0000000006CA1000 - 0x0000000000017680
InstallProtocolInterface: 9BBE29E9-FDA1-41EC-AD52-452213742D2E 6CB6350
InstallProtocolInterface: 4311EDC0-6054-46D4-9E40-893EA952FCCC 6CB6368
Loading driver 4110465D-5FF3-4F4B-B580-24ED0D06747A
InstallProtocolInterface: 5B1B31A1-9562-11D2-8E3F-00A0C969723B 6D56140
Loading driver at 0x00006D3C000 EntryPoint=0x00006D3EE50 SmbiosPlatformDxe.efi
InstallProtocolInterface: BC62157E-3E33-4FEC-9920-2D3B36D750DF 6DA9818
ProtectUefiImageCommon - 0x6D56140
  - 0x0000000006D3C000 - 0x0000000000004740
Select Item: 0x0
FW CFG Signature: 0x554D4551
Select Item: 0x1
FW CFG Revision: 0x3
QemuFwCfg interface (DMA) is supported.
Select Item: 0x19
Select Item: 0x26
SmbiosAdd: Smbios type 1 with size 0x54 is added to 32-bit table
SmbiosCreateTable: Initialize 32-bit entry point structure
SmbiosCreateTable() re-allocate SMBIOS 32-bit table
SmbiosAdd: Smbios type 3 with size 0x2C is added to 32-bit table
SmbiosAdd: Smbios type 4 with size 0x47 is added to 32-bit table
SmbiosAdd: Smbios type 16 with size 0x19 is added to 32-bit table
SmbiosAdd: Smbios type 17 with size 0x35 is added to 32-bit table
SmbiosAdd: Smbios type 19 with size 0x21 is added to 32-bit table
SmbiosAdd: Smbios type 32 with size 0xD is added to 32-bit table
SmbiosAdd: Smbios type 0 with size 0x4A is added to 32-bit table
Loading driver FA20568B-548B-4B2B-81EF-1BA08D4A3CEC
InstallProtocolInterface: 5B1B31A1-9562-11D2-8E3F-00A0C969723B 6D53440
Loading driver at 0x00006C6F000 EntryPoint=0x00006C78B30 BootScriptExecutorDxe.efi
InstallProtocolInterface: BC62157E-3E33-4FEC-9920-2D3B36D750DF 6D53018
ProtectUefiImageCommon - 0x6D53440
  - 0x0000000006C6F000 - 0x0000000000018C80
Select Item: 0x0
FW CFG Signature: 0x554D4551
Select Item: 0x1
FW CFG Revision: 0x3
QemuFwCfg interface (DMA) is supported.
Select Item: 0x19
Select Item: 0x27
Loading driver D9DCC5DF-4007-435E-9098-8970935504B2
InstallProtocolInterface: 5B1B31A1-9562-11D2-8E3F-00A0C969723B 6D450C0
Loading driver at 0x00006CFE000 EntryPoint=0x00006D02DB7 PlatformDxe.efi
InstallProtocolInterface: BC62157E-3E33-4FEC-9920-2D3B36D750DF 6D45A98
ProtectUefiImageCommon - 0x6D450C0
  - 0x0000000006CFE000 - 0x00000000000072C0
InstallProtocolInterface: 09576E91-6D3F-11D2-8E39-00A0C969723B 6D05090
InstallProtocolInterface: 330D4706-F2A0-4E4F-A369-B66FA8D54385 6D05160
Loading driver 93B80004-9FB3-11D4-9A3A-0090273FC14D
InstallProtocolInterface: 5B1B31A1-9562-11D2-8E3F-00A0C969723B 6D44040
Loading driver at 0x00006C8F000 EntryPoint=0x00006C9CFD1 PciBusDxe.efi
InstallProtocolInterface: BC62157E-3E33-4FEC-9920-2D3B36D750DF 6D44898
ProtectUefiImageCommon - 0x6D44040
  - 0x0000000006C8F000 - 0x0000000000011C00
InstallProtocolInterface: 18A031AB-B443-4D1A-A5C0-0C09261E9F71 6CA0900
InstallProtocolInterface: 107A772C-D5E1-11D4-9A46-0090273FC14D 6CA0830
InstallProtocolInterface: 6A7A5CFF-E8D9-4F70-BADA-75AB3025CE14 6CA0810
InstallProtocolInterface: 19CB87AB-2CB9-4665-8360-DDCF6054F79D 6CA07F0
Loading driver 83DD3B39-7CAF-4FAC-A542-E050B767E3A7
InstallProtocolInterface: 5B1B31A1-9562-11D2-8E3F-00A0C969723B 6D43BC0
Loading driver at 0x00006D09000 EntryPoint=0x00006D0C57F VirtioPciDeviceDxe.efi
InstallProtocolInterface: BC62157E-3E33-4FEC-9920-2D3B36D750DF 6D43A98
ProtectUefiImageCommon - 0x6D43BC0
  - 0x0000000006D09000 - 0x0000000000004FC0
InstallProtocolInterface: 18A031AB-B443-4D1A-A5C0-0C09261E9F71 6D0DDE0
InstallProtocolInterface: 107A772C-D5E1-11D4-9A46-0090273FC14D 6D0DDC0
InstallProtocolInterface: 6A7A5CFF-E8D9-4F70-BADA-75AB3025CE14 6D0DDA0
Loading driver 0170F60C-1D40-4651-956D-F0BD9879D527
InstallProtocolInterface: 5B1B31A1-9562-11D2-8E3F-00A0C969723B 6D431C0
Loading driver at 0x00006CC1000 EntryPoint=0x00006CC5F9C Virtio10.efi
InstallProtocolInterface: BC62157E-3E33-4FEC-9920-2D3B36D750DF 6D43818
ProtectUefiImageCommon - 0x6D431C0
  - 0x0000000006CC1000 - 0x0000000000007840
InstallProtocolInterface: 18A031AB-B443-4D1A-A5C0-0C09261E9F71 6CC86A0
InstallProtocolInterface: 107A772C-D5E1-11D4-9A46-0090273FC14D 6CC8680
InstallProtocolInterface: 6A7A5CFF-E8D9-4F70-BADA-75AB3025CE14 6CC8660
Loading driver 11D92DFB-3CA9-4F93-BA2E-4780ED3E03B5
InstallProtocolInterface: 5B1B31A1-9562-11D2-8E3F-00A0C969723B 6D420C0
Loading driver at 0x00006CF8000 EntryPoint=0x00006CFB380 VirtioBlkDxe.efi
InstallProtocolInterface: BC62157E-3E33-4FEC-9920-2D3B36D750DF 6D42A18
ProtectUefiImageCommon - 0x6D420C0
  - 0x0000000006CF8000 - 0x00000000000055C0
InstallProtocolInterface: 18A031AB-B443-4D1A-A5C0-0C09261E9F71 6CFD400
InstallProtocolInterface: 107A772C-D5E1-11D4-9A46-0090273FC14D 6CFD3E0
InstallProtocolInterface: 6A7A5CFF-E8D9-4F70-BADA-75AB3025CE14 6CFD3C0
Loading driver FAB5D4F4-83C0-4AAF-8480-442D11DF6CEA
InstallProtocolInterface: 5B1B31A1-9562-11D2-8E3F-00A0C969723B 6D424C0
Loading driver at 0x00006CCB000 EntryPoint=0x00006CCF020 VirtioScsiDxe.efi
InstallProtocolInterface: BC62157E-3E33-4FEC-9920-2D3B36D750DF 6D42818
ProtectUefiImageCommon - 0x6D424C0
  - 0x0000000006CCB000 - 0x0000000000005AC0
InstallProtocolInterface: 18A031AB-B443-4D1A-A5C0-0C09261E9F71 6CD0900
InstallProtocolInterface: 107A772C-D5E1-11D4-9A46-0090273FC14D 6CD08E0
InstallProtocolInterface: 6A7A5CFF-E8D9-4F70-BADA-75AB3025CE14 6CD08C0
Loading driver 58E26F0D-CBAC-4BBA-B70F-18221415665A
InstallProtocolInterface: 5B1B31A1-9562-11D2-8E3F-00A0C969723B 6D410C0
Loading driver at 0x00006CBB000 EntryPoint=0x00006CBE6B0 VirtioRngDxe.efi
InstallProtocolInterface: BC62157E-3E33-4FEC-9920-2D3B36D750DF 6D41B18
ProtectUefiImageCommon - 0x6D410C0
  - 0x0000000006CBB000 - 0x0000000000005080
InstallProtocolInterface: 18A031AB-B443-4D1A-A5C0-0C09261E9F71 6CBFEE0
InstallProtocolInterface: 107A772C-D5E1-11D4-9A46-0090273FC14D 6CBFEC0
InstallProtocolInterface: 6A7A5CFF-E8D9-4F70-BADA-75AB3025CE14 6CBFEA0
Loading driver 30346B14-1580-4781-879D-BA0C55AE9BB2
InstallProtocolInterface: 5B1B31A1-9562-11D2-8E3F-00A0C969723B 6D41440
Loading driver at 0x00006C89000 EntryPoint=0x00006C8C616 PvScsiDxe.efi
InstallProtocolInterface: BC62157E-3E33-4FEC-9920-2D3B36D750DF 6D08F18
ProtectUefiImageCommon - 0x6D41440
  - 0x0000000006C89000 - 0x0000000000005380
InstallProtocolInterface: 18A031AB-B443-4D1A-A5C0-0C09261E9F71 6C8E1C0
InstallProtocolInterface: 107A772C-D5E1-11D4-9A46-0090273FC14D 6C8E1A0
InstallProtocolInterface: 6A7A5CFF-E8D9-4F70-BADA-75AB3025CE14 6C8E180
Loading driver 2B3DB5DD-B315-4961-8454-0AFF3C811B19
InstallProtocolInterface: 5B1B31A1-9562-11D2-8E3F-00A0C969723B 6D080C0
Loading driver at 0x00006C69000 EntryPoint=0x00006C6BFB6 MptScsiDxe.efi
InstallProtocolInterface: BC62157E-3E33-4FEC-9920-2D3B36D750DF 6D08A98
ProtectUefiImageCommon - 0x6D080C0
  - 0x0000000006C69000 - 0x0000000000005340
InstallProtocolInterface: 18A031AB-B443-4D1A-A5C0-0C09261E9F71 6C6E180
InstallProtocolInterface: 107A772C-D5E1-11D4-9A46-0090273FC14D 6C6E160
InstallProtocolInterface: 6A7A5CFF-E8D9-4F70-BADA-75AB3025CE14 6C6E140
Loading driver 51CCF399-4FDF-4E55-A45B-E123F84D456A
InstallProtocolInterface: 5B1B31A1-9562-11D2-8E3F-00A0C969723B 6D3B040
Loading driver at 0x00006C5B000 EntryPoint=0x00006C5EBA7 ConPlatformDxe.efi
InstallProtocolInterface: BC62157E-3E33-4FEC-9920-2D3B36D750DF 6D08598
ProtectUefiImageCommon - 0x6D3B040
  - 0x0000000006C5B000 - 0x0000000000006340
InstallProtocolInterface: 18A031AB-B443-4D1A-A5C0-0C09261E9F71 6C61060
InstallProtocolInterface: 107A772C-D5E1-11D4-9A46-0090273FC14D 6C61030
InstallProtocolInterface: 6A7A5CFF-E8D9-4F70-BADA-75AB3025CE14 6C61010
InstallProtocolInterface: 18A031AB-B443-4D1A-A5C0-0C09261E9F71 6C60FE0
InstallProtocolInterface: 107A772C-D5E1-11D4-9A46-0090273FC14D 6C61030
InstallProtocolInterface: 6A7A5CFF-E8D9-4F70-BADA-75AB3025CE14 6C61010
Loading driver 408EDCEC-CF6D-477C-A5A8-B4844E3DE281
InstallProtocolInterface: 5B1B31A1-9562-11D2-8E3F-00A0C969723B 6D3B340
Loading driver at 0x00006C47000 EntryPoint=0x00006C4DC72 ConSplitterDxe.efi
InstallProtocolInterface: BC62157E-3E33-4FEC-9920-2D3B36D750DF 6D3B918
ProtectUefiImageCommon - 0x6D3B340
  - 0x0000000006C47000 - 0x0000000000009600
InstallProtocolInterface: 18A031AB-B443-4D1A-A5C0-0C09261E9F71 6C50220
InstallProtocolInterface: 107A772C-D5E1-11D4-9A46-0090273FC14D 6C501F0
InstallProtocolInterface: 6A7A5CFF-E8D9-4F70-BADA-75AB3025CE14 6C501D0
InstallProtocolInterface: 18A031AB-B443-4D1A-A5C0-0C09261E9F71 6C501A0
InstallProtocolInterface: 107A772C-D5E1-11D4-9A46-0090273FC14D 6C50170
InstallProtocolInterface: 6A7A5CFF-E8D9-4F70-BADA-75AB3025CE14 6C50150
InstallProtocolInterface: 18A031AB-B443-4D1A-A5C0-0C09261E9F71 6C50120
InstallProtocolInterface: 107A772C-D5E1-11D4-9A46-0090273FC14D 6C500F0
InstallProtocolInterface: 6A7A5CFF-E8D9-4F70-BADA-75AB3025CE14 6C500D0
InstallProtocolInterface: 18A031AB-B443-4D1A-A5C0-0C09261E9F71 6C500A0
InstallProtocolInterface: 107A772C-D5E1-11D4-9A46-0090273FC14D 6C50070
InstallProtocolInterface: 6A7A5CFF-E8D9-4F70-BADA-75AB3025CE14 6C50050
InstallProtocolInterface: 18A031AB-B443-4D1A-A5C0-0C09261E9F71 6C50020
InstallProtocolInterface: 107A772C-D5E1-11D4-9A46-0090273FC14D 6C4FFF0
InstallProtocolInterface: 6A7A5CFF-E8D9-4F70-BADA-75AB3025CE14 6C4FFD0
InstallProtocolInterface: 387477C1-69C7-11D2-8E39-00A0C969723B 6C4FE50
InstallProtocolInterface: DD9E7534-7762-4698-8C14-F58517A625AA 6C4FE80
InstallProtocolInterface: 31878C87-0B75-11D5-9A4F-0090273FC14D 6C4FEF0
InstallProtocolInterface: 8D59D32B-C655-4AE9-9B15-F25904992A43 6C4FF48
InstallProtocolInterface: 387477C2-69C7-11D2-8E39-00A0C969723B 6C502F0
InstallProtocolInterface: 387477C2-69C7-11D2-8E39-00A0C969723B 6C4FCF0
Loading driver CCCB0C28-4B24-11D5-9A5A-0090273FC14D
InstallProtocolInterface: 5B1B31A1-9562-11D2-8E3F-00A0C969723B 6D37140
Loading driver at 0x00006C3E000 EntryPoint=0x00006C42832 GraphicsConsoleDxe.efi
InstallProtocolInterface: BC62157E-3E33-4FEC-9920-2D3B36D750DF 6D37B18
ProtectUefiImageCommon - 0x6D37140
  - 0x0000000006C3E000 - 0x0000000000008200
InstallProtocolInterface: 18A031AB-B443-4D1A-A5C0-0C09261E9F71 6C45F40
InstallProtocolInterface: 107A772C-D5E1-11D4-9A46-0090273FC14D 6C45F10
InstallProtocolInterface: 6A7A5CFF-E8D9-4F70-BADA-75AB3025CE14 6C45EF0
Loading driver 9E863906-A40F-4875-977F-5B93FF237FC6
InstallProtocolInterface: 5B1B31A1-9562-11D2-8E3F-00A0C969723B 6D36040
Loading driver at 0x00006C28000 EntryPoint=0x00006C2DA61 TerminalDxe.efi
InstallProtocolInterface: BC62157E-3E33-4FEC-9920-2D3B36D750DF 6D36D18
ProtectUefiImageCommon - 0x6D36040
  - 0x0000000006C28000 - 0x000000000000A640
InstallProtocolInterface: 18A031AB-B443-4D1A-A5C0-0C09261E9F71 6C323C0
InstallProtocolInterface: 107A772C-D5E1-11D4-9A46-0090273FC14D 6C32390
InstallProtocolInterface: 6A7A5CFF-E8D9-4F70-BADA-75AB3025CE14 6C32370
Loading driver 806040CA-DAD9-4978-A3B4-2D2AB0C8A48F
InstallProtocolInterface: 5B1B31A1-9562-11D2-8E3F-00A0C969723B 6D369C0
Loading driver at 0x00006C55000 EntryPoint=0x00006C58D60 QemuKernelLoaderFsDxe.efi
InstallProtocolInterface: BC62157E-3E33-4FEC-9920-2D3B36D750DF 6D36898
ProtectUefiImageCommon - 0x6D369C0
  - 0x0000000006C55000 - 0x0000000000005C80
Select Item: 0x0
FW CFG Signature: 0x554D4551
Select Item: 0x1
FW CFG Revision: 0x3
QemuFwCfg interface (DMA) is supported.
Select Item: 0x17
Select Item: 0x8
Select Item: 0xB
Select Item: 0x14
Error: Image at 00006C55000 start failed: Not Found
Loading driver 6B38F7B4-AD98-40E9-9093-ACA2B5A253C4
InstallProtocolInterface: 5B1B31A1-9562-11D2-8E3F-00A0C969723B 6D369C0
Loading driver at 0x00006C54000 EntryPoint=0x00006C57AFF DiskIoDxe.efi
InstallProtocolInterface: BC62157E-3E33-4FEC-9920-2D3B36D750DF 6D36598
ProtectUefiImageCommon - 0x6D369C0
  - 0x0000000006C54000 - 0x0000000000006A80
InstallProtocolInterface: 18A031AB-B443-4D1A-A5C0-0C09261E9F71 6C5A8C0
InstallProtocolInterface: 107A772C-D5E1-11D4-9A46-0090273FC14D 6C5A890
InstallProtocolInterface: 6A7A5CFF-E8D9-4F70-BADA-75AB3025CE14 6C5A870
Loading driver 1FA1F39E-FEFF-4AAE-BD7B-38A070A3B609
InstallProtocolInterface: 5B1B31A1-9562-11D2-8E3F-00A0C969723B 6D07040
Loading driver at 0x00006C1F000 EntryPoint=0x00006C22F85 PartitionDxe.efi
InstallProtocolInterface: BC62157E-3E33-4FEC-9920-2D3B36D750DF 6D07E98
ProtectUefiImageCommon - 0x6D07040
  - 0x0000000006C1F000 - 0x0000000000008680
InstallProtocolInterface: 18A031AB-B443-4D1A-A5C0-0C09261E9F71 6C274A0
InstallProtocolInterface: 107A772C-D5E1-11D4-9A46-0090273FC14D 6C27470
InstallProtocolInterface: 6A7A5CFF-E8D9-4F70-BADA-75AB3025CE14 6C27450
Loading driver CD3BAFB6-50FB-4FE8-8E4E-AB74D2C1A600
InstallProtocolInterface: 5B1B31A1-9562-11D2-8E3F-00A0C969723B 6D073C0
Loading driver at 0x00006C3A000 EntryPoint=0x00006C3C3F0 EnglishDxe.efi
InstallProtocolInterface: BC62157E-3E33-4FEC-9920-2D3B36D750DF 6D07718
ProtectUefiImageCommon - 0x6D073C0
  - 0x0000000006C3A000 - 0x0000000000003A00
InstallProtocolInterface: 1D85CD7F-F43D-11D2-9A0C-0090273FC14D 6C3D520
InstallProtocolInterface: A4C751FC-23AE-4C3E-92E9-4964CF63F349 6C3D4C0
Loading driver 0167CCC4-D0F7-4F21-A3EF-9E64B7CDCE8B
InstallProtocolInterface: 5B1B31A1-9562-11D2-8E3F-00A0C969723B 6D060C0
Loading driver at 0x00006C33000 EntryPoint=0x00006C3796E ScsiBus.efi
InstallProtocolInterface: BC62157E-3E33-4FEC-9920-2D3B36D750DF 6D06A98
ProtectUefiImageCommon - 0x6D060C0
  - 0x0000000006C33000 - 0x00000000000066C0
InstallProtocolInterface: 18A031AB-B443-4D1A-A5C0-0C09261E9F71 6C394A0
InstallProtocolInterface: 107A772C-D5E1-11D4-9A46-0090273FC14D 6C39470
InstallProtocolInterface: 6A7A5CFF-E8D9-4F70-BADA-75AB3025CE14 6C39450
Loading driver 0A66E322-3740-4CCE-AD62-BD172CECCA35
InstallProtocolInterface: 5B1B31A1-9562-11D2-8E3F-00A0C969723B 6D063C0
Loading driver at 0x00006C03000 EntryPoint=0x00006C0A924 ScsiDisk.efi
InstallProtocolInterface: BC62157E-3E33-4FEC-9920-2D3B36D750DF 6D06798
ProtectUefiImageCommon - 0x6D063C0
  - 0x0000000006C03000 - 0x000000000000D0C0
InstallProtocolInterface: 18A031AB-B443-4D1A-A5C0-0C09261E9F71 6C0FEE0
InstallProtocolInterface: 107A772C-D5E1-11D4-9A46-0090273FC14D 6C0FEB0
InstallProtocolInterface: 6A7A5CFF-E8D9-4F70-BADA-75AB3025CE14 6C0FE90
Loading driver 021722D8-522B-4079-852A-FE44C2C13F49
InstallProtocolInterface: 5B1B31A1-9562-11D2-8E3F-00A0C969723B 6CF7CC0
Loading driver at 0x00006C19000 EntryPoint=0x00006C1C0BC SataController.efi
InstallProtocolInterface: BC62157E-3E33-4FEC-9920-2D3B36D750DF 6CF7898
ProtectUefiImageCommon - 0x6CF7CC0
  - 0x0000000006C19000 - 0x0000000000005340
InstallProtocolInterface: 18A031AB-B443-4D1A-A5C0-0C09261E9F71 6C1E160
InstallProtocolInterface: 107A772C-D5E1-11D4-9A46-0090273FC14D 6C1E140
InstallProtocolInterface: 6A7A5CFF-E8D9-4F70-BADA-75AB3025CE14 6C1E120
Loading driver 5E523CB4-D397-4986-87BD-A6DD8B22F455
InstallProtocolInterface: 5B1B31A1-9562-11D2-8E3F-00A0C969723B 6CF73C0
Loading driver at 0x00006BE7000 EntryPoint=0x00006BF0B0F AtaAtapiPassThruDxe.efi
InstallProtocolInterface: BC62157E-3E33-4FEC-9920-2D3B36D750DF 6CF7718
ProtectUefiImageCommon - 0x6CF73C0
  - 0x0000000006BE7000 - 0x000000000000DDC0
InstallProtocolInterface: 18A031AB-B443-4D1A-A5C0-0C09261E9F71 6BF4B40
InstallProtocolInterface: 107A772C-D5E1-11D4-9A46-0090273FC14D 6BF4B20
InstallProtocolInterface: 6A7A5CFF-E8D9-4F70-BADA-75AB3025CE14 6BF4B00
Loading driver 19DF145A-B1D4-453F-8507-38816676D7F6
InstallProtocolInterface: 5B1B31A1-9562-11D2-8E3F-00A0C969723B 6CCA140
Loading driver at 0x00006BDD000 EntryPoint=0x00006BE2420 AtaBusDxe.efi
InstallProtocolInterface: BC62157E-3E33-4FEC-9920-2D3B36D750DF 6CCAD98
ProtectUefiImageCommon - 0x6CCA140
  - 0x0000000006BDD000 - 0x0000000000009100
InstallProtocolInterface: 18A031AB-B443-4D1A-A5C0-0C09261E9F71 6BE5EE0
InstallProtocolInterface: 107A772C-D5E1-11D4-9A46-0090273FC14D 6BE5EC0
InstallProtocolInterface: 6A7A5CFF-E8D9-4F70-BADA-75AB3025CE14 6BE5EA0
Loading driver 5BE3BDF4-53CF-46A3-A6A9-73C34A6E5EE3
InstallProtocolInterface: 5B1B31A1-9562-11D2-8E3F-00A0C969723B 6CCA5C0
Loading driver at 0x00006BD0000 EntryPoint=0x00006BD9046 NvmExpressDxe.efi
InstallProtocolInterface: BC62157E-3E33-4FEC-9920-2D3B36D750DF 6CC9F98
ProtectUefiImageCommon - 0x6CCA5C0
  - 0x0000000006BD0000 - 0x000000000000C400
InstallProtocolInterface: 18A031AB-B443-4D1A-A5C0-0C09261E9F71 6BDC200
InstallProtocolInterface: 107A772C-D5E1-11D4-9A46-0090273FC14D 6BDC1C0
InstallProtocolInterface: 6A7A5CFF-E8D9-4F70-BADA-75AB3025CE14 6BDC1A0
InstallProtocolInterface: 5C198761-16A8-4E69-972C-89D67954F81D 6BDC1D8
Loading driver 864E1CA8-85EB-4D63-9DCC-6E0FC90FFD55
InstallProtocolInterface: 5B1B31A1-9562-11D2-8E3F-00A0C969723B 6CC9840
Loading driver at 0x00006C13000 EntryPoint=0x00006C16871 SioBusDxe.efi
InstallProtocolInterface: BC62157E-3E33-4FEC-9920-2D3B36D750DF 6CC9D98
ProtectUefiImageCommon - 0x6CC9840
  - 0x0000000006C13000 - 0x0000000000005380
InstallProtocolInterface: 18A031AB-B443-4D1A-A5C0-0C09261E9F71 6C181A0
InstallProtocolInterface: 107A772C-D5E1-11D4-9A46-0090273FC14D 6C18170
InstallProtocolInterface: 6A7A5CFF-E8D9-4F70-BADA-75AB3025CE14 6C18150
Loading driver E2775B47-D453-4EE3-ADA7-391A1B05AC17
InstallProtocolInterface: 5B1B31A1-9562-11D2-8E3F-00A0C969723B 6C88040
Loading driver at 0x00006BC7000 EntryPoint=0x00006BCAD5B PciSioSerialDxe.efi
InstallProtocolInterface: BC62157E-3E33-4FEC-9920-2D3B36D750DF 6C88D18
ProtectUefiImageCommon - 0x6C88040
  - 0x0000000006BC7000 - 0x0000000000008980
InstallProtocolInterface: 18A031AB-B443-4D1A-A5C0-0C09261E9F71 6BCF780
InstallProtocolInterface: 107A772C-D5E1-11D4-9A46-0090273FC14D 6BCF760
InstallProtocolInterface: 6A7A5CFF-E8D9-4F70-BADA-75AB3025CE14 6BCF740
Loading driver C4D1F932-821F-4744-BF06-6D30F7730F8D
InstallProtocolInterface: 5B1B31A1-9562-11D2-8E3F-00A0C969723B 6C889C0
Loading driver at 0x00006BBE000 EntryPoint=0x00006BC2859 Ps2KeyboardDxe.efi
InstallProtocolInterface: BC62157E-3E33-4FEC-9920-2D3B36D750DF 6C88898
ProtectUefiImageCommon - 0x6C889C0
  - 0x0000000006BBE000 - 0x0000000000008500
InstallProtocolInterface: 18A031AB-B443-4D1A-A5C0-0C09261E9F71 6BC62C0
InstallProtocolInterface: 107A772C-D5E1-11D4-9A46-0090273FC14D 6BC6290
InstallProtocolInterface: 6A7A5CFF-E8D9-4F70-BADA-75AB3025CE14 6BC6270
Loading driver B8E62775-BB0A-43F0-A843-5BE8B14F8CCD
InstallProtocolInterface: 5B1B31A1-9562-11D2-8E3F-00A0C969723B 6C62040
Loading driver at 0x00006BFD000 EntryPoint=0x00006C00151 BootGraphicsResourceTableDxe.efi
InstallProtocolInterface: BC62157E-3E33-4FEC-9920-2D3B36D750DF 6C62E98
ProtectUefiImageCommon - 0x6C62040
  - 0x0000000006BFD000 - 0x0000000000005100
InstallProtocolInterface: CDEA2BD3-FC25-4C1C-B97C-B31186064990 6C01E80
InstallProtocolInterface: 4B5DC1DF-1EAA-48B2-A7E9-EAC489A00B5C 6C01E90
Loading driver 961578FE-B6B7-44C3-AF35-6BC705CD2B1F
InstallProtocolInterface: 5B1B31A1-9562-11D2-8E3F-00A0C969723B 6C62540
Loading driver at 0x00006BA4000 EntryPoint=0x00006BA977C Fat.efi
InstallProtocolInterface: BC62157E-3E33-4FEC-9920-2D3B36D750DF 6C62D18
ProtectUefiImageCommon - 0x6C62540
  - 0x0000000006BA4000 - 0x000000000000C840
InstallProtocolInterface: 18A031AB-B443-4D1A-A5C0-0C09261E9F71 6BB0640
InstallProtocolInterface: 107A772C-D5E1-11D4-9A46-0090273FC14D 6BB0610
InstallProtocolInterface: 6A7A5CFF-E8D9-4F70-BADA-75AB3025CE14 6BB05F0
Loading driver 905F13B0-8F91-4B0A-BD76-E1E78F9422E4
InstallProtocolInterface: 5B1B31A1-9562-11D2-8E3F-00A0C969723B 6C68CC0
Loading driver at 0x00006B9B000 EntryPoint=0x00006B9F4D0 UdfDxe.efi
InstallProtocolInterface: BC62157E-3E33-4FEC-9920-2D3B36D750DF 6C68B18
ProtectUefiImageCommon - 0x6C68CC0
  - 0x0000000006B9B000 - 0x00000000000083C0
InstallProtocolInterface: 18A031AB-B443-4D1A-A5C0-0C09261E9F71 6BA31E0
InstallProtocolInterface: 107A772C-D5E1-11D4-9A46-0090273FC14D 6BA31B0
InstallProtocolInterface: 6A7A5CFF-E8D9-4F70-BADA-75AB3025CE14 6BA3190
Loading driver 7BD9DDF7-8B83-488E-AEC9-24C78610289C
InstallProtocolInterface: 5B1B31A1-9562-11D2-8E3F-00A0C969723B 6C683C0
Loading driver at 0x00006B8F000 EntryPoint=0x00006B92E60 VirtioFsDxe.efi
InstallProtocolInterface: BC62157E-3E33-4FEC-9920-2D3B36D750DF 6C68718
ProtectUefiImageCommon - 0x6C683C0
  - 0x0000000006B8F000 - 0x000000000000B040
InstallProtocolInterface: 18A031AB-B443-4D1A-A5C0-0C09261E9F71 6B99F20
InstallProtocolInterface: 6A7A5CFF-E8D9-4F70-BADA-75AB3025CE14 6B99F00
Loading driver A2F436EA-A127-4EF8-957C-8048606FF670
InstallProtocolInterface: 5B1B31A1-9562-11D2-8E3F-00A0C969723B 6C67CC0
Loading driver at 0x00006B85000 EntryPoint=0x00006B88B62 SnpDxe.efi
InstallProtocolInterface: BC62157E-3E33-4FEC-9920-2D3B36D750DF 6C67B98
ProtectUefiImageCommon - 0x6C67CC0
  - 0x0000000006B85000 - 0x0000000000009600
InstallProtocolInterface: 18A031AB-B443-4D1A-A5C0-0C09261E9F71 6B8E440
InstallProtocolInterface: 107A772C-D5E1-11D4-9A46-0090273FC14D 6B8E410
InstallProtocolInterface: 6A7A5CFF-E8D9-4F70-BADA-75AB3025CE14 6B8E3F0
Loading driver E4F61863-FE2C-4B56-A8F4-08519BC439DF
InstallProtocolInterface: 5B1B31A1-9562-11D2-8E3F-00A0C969723B 6C673C0
Loading driver at 0x00006B7A000 EntryPoint=0x00006B8139C VlanConfigDxe.efi
InstallProtocolInterface: BC62157E-3E33-4FEC-9920-2D3B36D750DF 6C67198
ProtectUefiImageCommon - 0x6C673C0
  - 0x0000000006B7A000 - 0x000000000000A240
InstallProtocolInterface: 18A031AB-B443-4D1A-A5C0-0C09261E9F71 6B83FC0
InstallProtocolInterface: 107A772C-D5E1-11D4-9A46-0090273FC14D 6B83FA0
InstallProtocolInterface: 6A7A5CFF-E8D9-4F70-BADA-75AB3025CE14 6B83F80
Loading driver 025BBFC7-E6A9-4B8B-82AD-6815A1AEAF4A
InstallProtocolInterface: 5B1B31A1-9562-11D2-8E3F-00A0C969723B 6C660C0
Loading driver at 0x00006B5E000 EntryPoint=0x00006B64010 MnpDxe.efi
InstallProtocolInterface: BC62157E-3E33-4FEC-9920-2D3B36D750DF 6C66918
ProtectUefiImageCommon - 0x6C660C0
  - 0x0000000006B5E000 - 0x000000000000D100
InstallProtocolInterface: 18A031AB-B443-4D1A-A5C0-0C09261E9F71 6B6AEE0
InstallProtocolInterface: 107A772C-D5E1-11D4-9A46-0090273FC14D 6B6AEB0
InstallProtocolInterface: 6A7A5CFF-E8D9-4F70-BADA-75AB3025CE14 6B6AE90
Loading driver 529D3F93-E8E9-4E73-B1E1-BDF6A9D50113
InstallProtocolInterface: 5B1B31A1-9562-11D2-8E3F-00A0C969723B 6C663C0
Loading driver at 0x00006BB6000 EntryPoint=0x00006BB9FF0 ArpDxe.efi
InstallProtocolInterface: BC62157E-3E33-4FEC-9920-2D3B36D750DF 6C66718
ProtectUefiImageCommon - 0x6C663C0
  - 0x0000000006BB6000 - 0x0000000000007F80
InstallProtocolInterface: 18A031AB-B443-4D1A-A5C0-0C09261E9F71 6BBDDE0
InstallProtocolInterface: 107A772C-D5E1-11D4-9A46-0090273FC14D 6BBDDB0
InstallProtocolInterface: 6A7A5CFF-E8D9-4F70-BADA-75AB3025CE14 6BBDD90
Loading driver 94734718-0BBC-47FB-96A5-EE7A5AE6A2AD
InstallProtocolInterface: 5B1B31A1-9562-11D2-8E3F-00A0C969723B 6C650C0
Loading driver at 0x00006B51000 EntryPoint=0x00006B5A630 Dhcp4Dxe.efi
InstallProtocolInterface: BC62157E-3E33-4FEC-9920-2D3B36D750DF 6C65898
ProtectUefiImageCommon - 0x6C650C0
  - 0x0000000006B51000 - 0x000000000000CB00
InstallProtocolInterface: 18A031AB-B443-4D1A-A5C0-0C09261E9F71 6B5D8A0
InstallProtocolInterface: 107A772C-D5E1-11D4-9A46-0090273FC14D 6B5D870
InstallProtocolInterface: 6A7A5CFF-E8D9-4F70-BADA-75AB3025CE14 6B5D850
Loading driver 9FB1A1F3-3B71-4324-B39A-745CBB015FFF
InstallProtocolInterface: 5B1B31A1-9562-11D2-8E3F-00A0C969723B 6C65540
Loading driver at 0x00006B21000 EntryPoint=0x00006B30B43 Ip4Dxe.efi
InstallProtocolInterface: BC62157E-3E33-4FEC-9920-2D3B36D750DF 6C64F98
ProtectUefiImageCommon - 0x6C65540
  - 0x0000000006B21000 - 0x0000000000017380
InstallProtocolInterface: 18A031AB-B443-4D1A-A5C0-0C09261E9F71 6B38080
InstallProtocolInterface: 107A772C-D5E1-11D4-9A46-0090273FC14D 6B38050
InstallProtocolInterface: 6A7A5CFF-E8D9-4F70-BADA-75AB3025CE14 6B38030
Loading driver 6D6963AB-906D-4A65-A7CA-BD40E5D6AF2B
InstallProtocolInterface: 5B1B31A1-9562-11D2-8E3F-00A0C969723B 6C64240
Loading driver at 0x00006B46000 EntryPoint=0x00006B4E5A0 Udp4Dxe.efi
InstallProtocolInterface: BC62157E-3E33-4FEC-9920-2D3B36D750DF 6C64818
ProtectUefiImageCommon - 0x6C64240
  - 0x0000000006B46000 - 0x000000000000AF00
InstallProtocolInterface: 18A031AB-B443-4D1A-A5C0-0C09261E9F71 6B50CE0
InstallProtocolInterface: 107A772C-D5E1-11D4-9A46-0090273FC14D 6B50CC0
InstallProtocolInterface: 6A7A5CFF-E8D9-4F70-BADA-75AB3025CE14 6B50CA0
Loading driver DC3641B8-2FA8-4ED3-BC1F-F9962A03454B
InstallProtocolInterface: 5B1B31A1-9562-11D2-8E3F-00A0C969723B 6C63040
Loading driver at 0x00006B3A000 EntryPoint=0x00006B41EE0 Mtftp4Dxe.efi
InstallProtocolInterface: BC62157E-3E33-4FEC-9920-2D3B36D750DF 6C63F18
ProtectUefiImageCommon - 0x6C63040
  - 0x0000000006B3A000 - 0x000000000000B480
InstallProtocolInterface: 18A031AB-B443-4D1A-A5C0-0C09261E9F71 6B45260
InstallProtocolInterface: 107A772C-D5E1-11D4-9A46-0090273FC14D 6B45240
InstallProtocolInterface: 6A7A5CFF-E8D9-4F70-BADA-75AB3025CE14 6B45220
Loading driver 1A7E4468-2F55-4A56-903C-01265EB7622B
InstallProtocolInterface: 5B1B31A1-9562-11D2-8E3F-00A0C969723B 6C63440
Loading driver at 0x00006AF7000 EntryPoint=0x00006B04820 TcpDxe.efi
InstallProtocolInterface: BC62157E-3E33-4FEC-9920-2D3B36D750DF 6C63998
ProtectUefiImageCommon - 0x6C63440
  - 0x0000000006AF7000 - 0x0000000000014B80
InstallProtocolInterface: 18A031AB-B443-4D1A-A5C0-0C09261E9F71 6B0B8A0
InstallProtocolInterface: 107A772C-D5E1-11D4-9A46-0090273FC14D 6B0B870
InstallProtocolInterface: 6A7A5CFF-E8D9-4F70-BADA-75AB3025CE14 6B0B850
InstallProtocolInterface: 18A031AB-B443-4D1A-A5C0-0C09261E9F71 6B0B820
InstallProtocolInterface: 107A772C-D5E1-11D4-9A46-0090273FC14D 6B0B870
InstallProtocolInterface: 6A7A5CFF-E8D9-4F70-BADA-75AB3025CE14 6B0B850
Loading driver B95E9FDA-26DE-48D2-8807-1F9107AC5E3A
InstallProtocolInterface: 5B1B31A1-9562-11D2-8E3F-00A0C969723B 6C538C0
Loading driver at 0x00006ABD000 EntryPoint=0x00006AD4520 UefiPxeBcDxe.efi
InstallProtocolInterface: BC62157E-3E33-4FEC-9920-2D3B36D750DF 6C53198
ProtectUefiImageCommon - 0x6C538C0
  - 0x0000000006ABD000 - 0x000000000001C5C0
Select Item: 0x0
FW CFG Signature: 0x554D4551
Select Item: 0x1
FW CFG Revision: 0x3
QemuFwCfg interface (DMA) is supported.
Select Item: 0x19
Select Item: 0x19
InstallProtocolInterface: 18A031AB-B443-4D1A-A5C0-0C09261E9F71 6AD8F80
InstallProtocolInterface: 107A772C-D5E1-11D4-9A46-0090273FC14D 6AD8F00
InstallProtocolInterface: 6A7A5CFF-E8D9-4F70-BADA-75AB3025CE14 6AD8F20
InstallProtocolInterface: 18A031AB-B443-4D1A-A5C0-0C09261E9F71 6AD8FC0
InstallProtocolInterface: 107A772C-D5E1-11D4-9A46-0090273FC14D 6AD8F00
InstallProtocolInterface: 6A7A5CFF-E8D9-4F70-BADA-75AB3025CE14 6AD8F20
Loading driver 86CDDF93-4872-4597-8AF9-A35AE4D3725F
InstallProtocolInterface: 5B1B31A1-9562-11D2-8E3F-00A0C969723B 6C52040
Loading driver at 0x00006A75000 EntryPoint=0x00006A87A20 IScsiDxe.efi
InstallProtocolInterface: BC62157E-3E33-4FEC-9920-2D3B36D750DF 6C53598
ProtectUefiImageCommon - 0x6C52040
  - 0x0000000006A75000 - 0x0000000000023580
InstallProtocolInterface: 18A031AB-B443-4D1A-A5C0-0C09261E9F71 6A981A0
InstallProtocolInterface: 107A772C-D5E1-11D4-9A46-0090273FC14D 6A980F0
InstallProtocolInterface: 6A7A5CFF-E8D9-4F70-BADA-75AB3025CE14 6A980D0
InstallProtocolInterface: 18A031AB-B443-4D1A-A5C0-0C09261E9F71 6A98160
InstallProtocolInterface: 107A772C-D5E1-11D4-9A46-0090273FC14D 6A980F0
InstallProtocolInterface: 6A7A5CFF-E8D9-4F70-BADA-75AB3025CE14 6A980D0
InstallProtocolInterface: 59324945-EC44-4C0D-B1CD-9DB139DF070C 6A98110
InstallProtocolInterface: 09576E91-6D3F-11D2-8E39-00A0C969723B 6A98350
InstallProtocolInterface: 330D4706-F2A0-4E4F-A369-B66FA8D54385 6C528A8
InstallProtocolInterface: 7671D9D0-53DB-4173-AA69-2327F21F0BC7 6A98130
Loading driver A92CDB4B-82F1-4E0B-A516-8A655D371524
InstallProtocolInterface: 5B1B31A1-9562-11D2-8E3F-00A0C969723B 6C51240
Loading driver at 0x00006B16000 EntryPoint=0x00006B1BC90 VirtioNetDxe.efi
InstallProtocolInterface: BC62157E-3E33-4FEC-9920-2D3B36D750DF 6C51498
ProtectUefiImageCommon - 0x6C51240
  - 0x0000000006B16000 - 0x0000000000008640
InstallProtocolInterface: 18A031AB-B443-4D1A-A5C0-0C09261E9F71 6B1E460
InstallProtocolInterface: 107A772C-D5E1-11D4-9A46-0090273FC14D 6B1E440
InstallProtocolInterface: 6A7A5CFF-E8D9-4F70-BADA-75AB3025CE14 6B1E420
Loading driver 2FB92EFA-2EE0-4BAE-9EB6-7464125E1EF7
InstallProtocolInterface: 5B1B31A1-9562-11D2-8E3F-00A0C969723B 6C12CC0
Loading driver at 0x00006B0C000 EntryPoint=0x00006B1063B UhciDxe.efi
InstallProtocolInterface: BC62157E-3E33-4FEC-9920-2D3B36D750DF 6C12B18
ProtectUefiImageCommon - 0x6C12CC0
  - 0x0000000006B0C000 - 0x0000000000009780
InstallProtocolInterface: 18A031AB-B443-4D1A-A5C0-0C09261E9F71 6B15560
InstallProtocolInterface: 107A772C-D5E1-11D4-9A46-0090273FC14D 6B15540
InstallProtocolInterface: 6A7A5CFF-E8D9-4F70-BADA-75AB3025CE14 6B15520
Loading driver BDFE430E-8F2A-4DB0-9991-6F856594777E
InstallProtocolInterface: 5B1B31A1-9562-11D2-8E3F-00A0C969723B 6C126C0
Loading driver at 0x00006AEB000 EntryPoint=0x00006AEF550 EhciDxe.efi
InstallProtocolInterface: BC62157E-3E33-4FEC-9920-2D3B36D750DF 6C12A18
ProtectUefiImageCommon - 0x6C126C0
  - 0x0000000006AEB000 - 0x000000000000B140
InstallProtocolInterface: 18A031AB-B443-4D1A-A5C0-0C09261E9F71 6AF5F20
InstallProtocolInterface: 107A772C-D5E1-11D4-9A46-0090273FC14D 6AF5EF0
InstallProtocolInterface: 6A7A5CFF-E8D9-4F70-BADA-75AB3025CE14 6AF5ED0
Loading driver B7F50E91-A759-412C-ADE4-DCD03E7F7C28
InstallProtocolInterface: 5B1B31A1-9562-11D2-8E3F-00A0C969723B 6C112C0
Loading driver at 0x00006AAD000 EntryPoint=0x00006AB7E9D XhciDxe.efi
InstallProtocolInterface: BC62157E-3E33-4FEC-9920-2D3B36D750DF 6C11A98
ProtectUefiImageCommon - 0x6C112C0
  - 0x0000000006AAD000 - 0x000000000000F900
InstallProtocolInterface: 18A031AB-B443-4D1A-A5C0-0C09261E9F71 6ABC700
InstallProtocolInterface: 107A772C-D5E1-11D4-9A46-0090273FC14D 6ABC6E0
InstallProtocolInterface: 6A7A5CFF-E8D9-4F70-BADA-75AB3025CE14 6ABC6C0
Loading driver 240612B7-A063-11D4-9A3A-0090273FC14D
InstallProtocolInterface: 5B1B31A1-9562-11D2-8E3F-00A0C969723B 6C11540
Loading driver at 0x00006ADF000 EntryPoint=0x00006AE407F UsbBusDxe.efi
InstallProtocolInterface: BC62157E-3E33-4FEC-9920-2D3B36D750DF 6C11898
ProtectUefiImageCommon - 0x6C11540
  - 0x0000000006ADF000 - 0x000000000000BA80
InstallProtocolInterface: 18A031AB-B443-4D1A-A5C0-0C09261E9F71 6AEA820
InstallProtocolInterface: 107A772C-D5E1-11D4-9A46-0090273FC14D 6AEA7F0
InstallProtocolInterface: 6A7A5CFF-E8D9-4F70-BADA-75AB3025CE14 6AEA7D0
Loading driver 2D2E62CF-9ECF-43B7-8219-94E7FC713DFE
InstallProtocolInterface: 5B1B31A1-9562-11D2-8E3F-00A0C969723B 6BFA2C0
Loading driver at 0x00006AA3000 EntryPoint=0x00006AA3643 UsbKbDxe.efi
InstallProtocolInterface: BC62157E-3E33-4FEC-9920-2D3B36D750DF 6BFAA18
ProtectUefiImageCommon - 0x6BFA2C0
  - 0x0000000006AA3000 - 0x0000000000009040
InstallProtocolInterface: 18A031AB-B443-4D1A-A5C0-0C09261E9F71 6AABE80
InstallProtocolInterface: 107A772C-D5E1-11D4-9A46-0090273FC14D 6AABE60
InstallProtocolInterface: 6A7A5CFF-E8D9-4F70-BADA-75AB3025CE14 6AABE40
Loading driver 9FB4B4A7-42C0-4BCD-8540-9BCC6711F83E
InstallProtocolInterface: 5B1B31A1-9562-11D2-8E3F-00A0C969723B 6BFA540
Loading driver at 0x00006A9B000 EntryPoint=0x00006A9E6B0 UsbMassStorageDxe.efi
InstallProtocolInterface: BC62157E-3E33-4FEC-9920-2D3B36D750DF 6BF9D18
ProtectUefiImageCommon - 0x6BFA540
  - 0x0000000006A9B000 - 0x0000000000007E40
InstallProtocolInterface: 18A031AB-B443-4D1A-A5C0-0C09261E9F71 6AA2C40
InstallProtocolInterface: 107A772C-D5E1-11D4-9A46-0090273FC14D 6AA2C20
InstallProtocolInterface: 6A7A5CFF-E8D9-4F70-BADA-75AB3025CE14 6AA2C00
Loading driver E3752948-B9A1-4770-90C4-DF41C38986BE
InstallProtocolInterface: 5B1B31A1-9562-11D2-8E3F-00A0C969723B 6BF92C0
Loading driver at 0x00006A6B000 EntryPoint=0x00006A6FDBD QemuVideoDxe.efi
InstallProtocolInterface: BC62157E-3E33-4FEC-9920-2D3B36D750DF 6BF9C98
ProtectUefiImageCommon - 0x6BF92C0
  - 0x0000000006A6B000 - 0x00000000000095C0
InstallProtocolInterface: 18A031AB-B443-4D1A-A5C0-0C09261E9F71 6A74380
InstallProtocolInterface: 107A772C-D5E1-11D4-9A46-0090273FC14D 6A74360
InstallProtocolInterface: 6A7A5CFF-E8D9-4F70-BADA-75AB3025CE14 6A74340
Loading driver D6099B94-CD97-4CC5-8714-7F6312701A8A
InstallProtocolInterface: 5B1B31A1-9562-11D2-8E3F-00A0C969723B 6BF8040
Loading driver at 0x00006A62000 EntryPoint=0x00006A65940 VirtioGpuDxe.efi
InstallProtocolInterface: BC62157E-3E33-4FEC-9920-2D3B36D750DF 6BF8B98
ProtectUefiImageCommon - 0x6BF8040
  - 0x0000000006A62000 - 0x0000000000008100
InstallProtocolInterface: 18A031AB-B443-4D1A-A5C0-0C09261E9F71 6A69F20
InstallProtocolInterface: 6A7A5CFF-E8D9-4F70-BADA-75AB3025CE14 6A69F00
[Bds] Entry...
[BdsDxe] Locate Variable Policy protocol - Success
Variable Driver Auto Update PlatformLang, PlatformLang:en, Lang:eng Status: Success
!!! DEPRECATED INTERFACE !!! VariableLockRequestToLock() will go away soon!
!!! DEPRECATED INTERFACE !!! Please move to use Variable Policy!
!!! DEPRECATED INTERFACE !!! Variable: 8BE4DF61-93CA-11D2-AA0D-00E098032B8C PlatformRecovery0000
PlatformBootManagerBeforeConsole
Registered NotifyDevPath Event
PCI Bus First Scanning
PciBus: Discovered PCI @ [00|00|00]

PciBus: Discovered PCI @ [00|01|00]

PciBus: Discovered PCI @ [00|01|01]
   BAR[4]: Type =   Io32; Alignment = 0xF;	Length = 0x10;	Offset = 0x20

PciBus: Discovered PCI @ [00|01|03]

PciBus: Discovered PCI @ [00|02|00]
   BAR[0]: Type = PMem32; Alignment = 0xFFFFFF;	Length = 0x1000000;	Offset = 0x10
   BAR[2]: Type =  Mem32; Alignment = 0xFFF;	Length = 0x1000;	Offset = 0x18

PCI Bus Second Scanning
PciBus: Discovered PCI @ [00|00|00]

PciBus: Discovered PCI @ [00|01|00]

PciBus: Discovered PCI @ [00|01|01]
   BAR[4]: Type =   Io32; Alignment = 0xF;	Length = 0x10;	Offset = 0x20

PciBus: Discovered PCI @ [00|01|03]

PciBus: Discovered PCI @ [00|02|00]
   BAR[0]: Type = PMem32; Alignment = 0xFFFFFF;	Length = 0x1000000;	Offset = 0x10
   BAR[2]: Type =  Mem32; Alignment = 0xFFF;	Length = 0x1000;	Offset = 0x18

PciBus: Discovered PCI @ [00|00|00]

PciBus: Discovered PCI @ [00|01|00]

PciBus: Discovered PCI @ [00|01|01]
   BAR[4]: Type =   Io32; Alignment = 0xF;	Length = 0x10;	Offset = 0x20

PciBus: Discovered PCI @ [00|01|03]

PciBus: Discovered PCI @ [00|02|00]
   BAR[0]: Type = PMem32; Alignment = 0xFFFFFF;	Length = 0x1000000;	Offset = 0x10
   BAR[2]: Type =  Mem32; Alignment = 0xFFF;	Length = 0x1000;	Offset = 0x18

PciHostBridge: SubmitResources for PciRoot(0x0)
 I/O: Granularity/SpecificFlag = 0 / 01
      Length/Alignment = 0x1000 / 0xFFF
 Mem: Granularity/SpecificFlag = 32 / 00
      Length/Alignment = 0x1100000 / 0xFFFFFF
PciBus: HostBridge->SubmitResources() - Success
PciHostBridge: NotifyPhase (AllocateResources)
 RootBridge: PciRoot(0x0)
  Mem: Base/Length/Alignment = 80000000/1100000/FFFFFF - Success
  I/O: Base/Length/Alignment = C000/1000/FFF - Success
PciBus: HostBridge->NotifyPhase(AllocateResources) - Success
Process Option ROM: BAR Base/Length = 81000000/10000
PciBus: Resource Map for Root Bridge PciRoot(0x0)
Type =   Io16; Base = 0xC000;	Length = 0x1000;	Alignment = 0xFFF
   Base = 0xC000;	Length = 0x10;	Alignment = 0xF;	Owner = PCI [00|01|01:20]
Type =  Mem32; Base = 0x80000000;	Length = 0x1100000;	Alignment = 0xFFFFFF
   Base = 0x80000000;	Length = 0x1000000;	Alignment = 0xFFFFFF;	Owner = PCI [00|02|00:10]; Type = PMem32
   Base = 0x81000000;	Length = 0x10000;	Alignment = 0xFFFF;	Owner = PCI [00|00|00:00]; Type =  OpRom
   Base = 0x81010000;	Length = 0x1000;	Alignment = 0xFFF;	Owner = PCI [00|02|00:18]

InstallProtocolInterface: 09576E91-6D3F-11D2-8E39-00A0C969723B 6BF8E98
InstallProtocolInterface: 4CF5B200-68B8-4CA5-9EEC-B23E3F50029A 6BF76A8
InstallProtocolInterface: 09576E91-6D3F-11D2-8E39-00A0C969723B 6BF8F18
InstallProtocolInterface: 4CF5B200-68B8-4CA5-9EEC-B23E3F50029A 6BF6028
InstallProtocolInterface: 09576E91-6D3F-11D2-8E39-00A0C969723B 6BF6E98
InstallProtocolInterface: 4CF5B200-68B8-4CA5-9EEC-B23E3F50029A 6BF6428
InstallProtocolInterface: 09576E91-6D3F-11D2-8E39-00A0C969723B 6BF6F18
InstallProtocolInterface: 4CF5B200-68B8-4CA5-9EEC-B23E3F50029A 6BF6828
InstallProtocolInterface: 09576E91-6D3F-11D2-8E39-00A0C969723B 6BF6F98
InstallProtocolInterface: 4CF5B200-68B8-4CA5-9EEC-B23E3F50029A 6BF5028
InstallProtocolInterface: 30CFE3E7-3DE1-4586-BE20-DEABA1B3B793 0
OnRootBridgesConnected: root bridges have been connected, installing ACPI tables
Select Item: 0x19
Select Item: 0x28
Select Item: 0x19
Select Item: 0x27
Select Item: 0x19
Select Item: 0x21
Select Item: 0x19
Select Item: 0x22
InstallQemuFwCfgTables: installed 5 tables
PcRtc: Write 0x20 to CMOS location 0x32
AcpiS3ContextSave!
AcpiS3Context: AcpiFacsTable is 0x 7BDD000
AcpiS3Context: IdtrProfile is 0x 7B6C000
AcpiS3Context: S3NvsPageTableAddress is 0x       0
AcpiS3Context: S3DebugBufferAddress is 0x 7B62000
AcpiS3Context: BootScriptStackBase is 0x 7B63000
AcpiS3Context: BootScriptStackSize is 0x    8000
[Variable]END_OF_DXE is signaled
Initialize variable error flag (FF)
Select Item: 0x19
Select Item: 0x27
InstallProtocolInterface: 60FF8964-E906-41D0-AFED-F241E974E08E 0
InstallProtocolInterface: FA20568B-548B-4B2B-81EF-1BA08D4A3CEC 0
Select Item: 0x0
FW CFG Signature: 0x554D4551
Select Item: 0x1
FW CFG Revision: 0x3
QemuFwCfg interface (DMA) is supported.
Select Item: 0x19
Select Item: 0x27
Found LPC Bridge device
BdsPlatform.c+621: COM1 DevPath: PciRoot(0x0)/Pci(0x1,0x0)/Serial(0x0)/Uart(115200,8,N,1)/VenMsg(E0C14753-F9BE-11D2-9A0C-0090273FC14D)
BdsPlatform.c+653: COM2 DevPath: PciRoot(0x0)/Pci(0x1,0x0)/Serial(0x1)/Uart(115200,8,N,1)/VenMsg(E0C14753-F9BE-11D2-9A0C-0090273FC14D)
Found PCI display device
QemuVideo: QEMU Standard VGA detected
QemuVideo: Using mmio bar @ 0x81010000
InstallProtocolInterface: 09576E91-6D3F-11D2-8E39-00A0C969723B 6B6DF18
QemuVideoBochsModeSetup: AvailableFbSize=0x1000000
Adding Mode 0 as Bochs Internal Mode 0: 640x480, 32-bit
Adding Mode 1 as Bochs Internal Mode 1: 800x480, 32-bit
Adding Mode 2 as Bochs Internal Mode 2: 800x600, 32-bit
Adding Mode 3 as Bochs Internal Mode 3: 832x624, 32-bit
Adding Mode 4 as Bochs Internal Mode 4: 960x640, 32-bit
Adding Mode 5 as Bochs Internal Mode 5: 1024x600, 32-bit
Adding Mode 6 as Bochs Internal Mode 6: 1024x768, 32-bit
Adding Mode 7 as Bochs Internal Mode 7: 1152x864, 32-bit
Adding Mode 8 as Bochs Internal Mode 8: 1152x870, 32-bit
Adding Mode 9 as Bochs Internal Mode 9: 1280x720, 32-bit
Adding Mode 10 as Bochs Internal Mode 10: 1280x760, 32-bit
Adding Mode 11 as Bochs Internal Mode 11: 1280x768, 32-bit
Adding Mode 12 as Bochs Internal Mode 12: 1280x800, 32-bit
Adding Mode 13 as Bochs Internal Mode 13: 1280x960, 32-bit
Adding Mode 14 as Bochs Internal Mode 14: 1280x1024, 32-bit
Adding Mode 15 as Bochs Internal Mode 15: 1360x768, 32-bit
Adding Mode 16 as Bochs Internal Mode 16: 1366x768, 32-bit
Adding Mode 17 as Bochs Internal Mode 17: 1400x1050, 32-bit
Adding Mode 18 as Bochs Internal Mode 18: 1440x900, 32-bit
Adding Mode 19 as Bochs Internal Mode 19: 1600x900, 32-bit
Adding Mode 20 as Bochs Internal Mode 20: 1600x1200, 32-bit
Adding Mode 21 as Bochs Internal Mode 21: 1680x1050, 32-bit
Adding Mode 22 as Bochs Internal Mode 22: 1920x1080, 32-bit
Adding Mode 23 as Bochs Internal Mode 23: 1920x1200, 32-bit
Adding Mode 24 as Bochs Internal Mode 24: 1920x1440, 32-bit
Adding Mode 25 as Bochs Internal Mode 25: 2000x2000, 32-bit
Adding Mode 26 as Bochs Internal Mode 26: 2048x1536, 32-bit
Adding Mode 27 as Bochs Internal Mode 27: 2048x2048, 32-bit
Adding Mode 28 as Bochs Internal Mode 28: 2560x1440, 32-bit
Adding Mode 29 as Bochs Internal Mode 29: 2560x1600, 32-bit
InitializeBochsGraphicsMode: 640x480 @ 32
PixelBlueGreenRedReserved8BitPerColor
FrameBufferBase: 0x80000000, FrameBufferSize: 0x12C000
0: shl:0 shr:0 mask:FF0000
1: shl:0 shr:0 mask:FF00
2: shl:0 shr:0 mask:FF
Bytes per pixel: 4
0: shl:0 shr:0 mask:FF0000
1: shl:0 shr:0 mask:FF00
2: shl:0 shr:0 mask:FF
Bytes per pixel: 4
InstallProtocolInterface: 9042A9DE-23DC-4A38-96FB-7ADED080516A 6BB1238
InstallVbeShim: VBE shim installed
PixelBlueGreenRedReserved8BitPerColor
PixelBlueGreenRedReserved8BitPerColor
PixelBlueGreenRedReserved8BitPerColor
PixelBlueGreenRedReserved8BitPerColor
PixelBlueGreenRedReserved8BitPerColor
PixelBlueGreenRedReserved8BitPerColor
PixelBlueGreenRedReserved8BitPerColor
PixelBlueGreenRedReserved8BitPerColor
PixelBlueGreenRedReserved8BitPerColor
PixelBlueGreenRedReserved8BitPerColor
PixelBlueGreenRedReserved8BitPerColor
PixelBlueGreenRedReserved8BitPerColor
PixelBlueGreenRedReserved8BitPerColor
PixelBlueGreenRedReserved8BitPerColor
PixelBlueGreenRedReserved8BitPerColor
PixelBlueGreenRedReserved8BitPerColor
PixelBlueGreenRedReserved8BitPerColor
PixelBlueGreenRedReserved8BitPerColor
PixelBlueGreenRedReserved8BitPerColor
PixelBlueGreenRedReserved8BitPerColor
PixelBlueGreenRedReserved8BitPerColor
PixelBlueGreenRedReserved8BitPerColor
PixelBlueGreenRedReserved8BitPerColor
PixelBlueGreenRedReserved8BitPerColor
PixelBlueGreenRedReserved8BitPerColor
PixelBlueGreenRedReserved8BitPerColor
PixelBlueGreenRedReserved8BitPerColor
PixelBlueGreenRedReserved8BitPerColor
PixelBlueGreenRedReserved8BitPerColor
PixelBlueGreenRedReserved8BitPerColor
Select Item: 0xE
[Bds]RegisterKeyNotify: 000C/0000 80000000/00 Success
[Bds]RegisterKeyNotify: 0017/0000 80000000/00 Success
[Bds]RegisterKeyNotify: 0000/000D 80000000/00 Success
InstallProtocolInterface: 864E1CA8-85EB-4D63-9DCC-6E0FC90FFD55 6B6FB98
InstallProtocolInterface: 09576E91-6D3F-11D2-8E39-00A0C969723B 6B6D998
InstallProtocolInterface: 215FDD18-BD50-4FEB-890B-58CA0B4739E9 6B6D938
InstallProtocolInterface: 09576E91-6D3F-11D2-8E39-00A0C969723B 6D45598
InstallProtocolInterface: 215FDD18-BD50-4FEB-890B-58CA0B4739E9 6D45538
InstallProtocolInterface: 09576E91-6D3F-11D2-8E39-00A0C969723B 6B6EC18
InstallProtocolInterface: 215FDD18-BD50-4FEB-890B-58CA0B4739E9 6B6EB38
ClockRate = 1843200
Divisor   = 1
BaudRate/Actual (115200/115200) = 100%
ClockRate = 1843200
Divisor   = 1
BaudRate/Actual (115200/115200) = 100%
InstallProtocolInterface: 09576E91-6D3F-11D2-8E39-00A0C969723B 6B6EE98
InstallProtocolInterface: BB25CF6F-F1D4-11D2-9A0C-0090273FC1FD 6ADE0A8
PciSioSerial: Create SIO child serial device - Success
ClockRate = 1843200
Divisor   = 1
BaudRate/Actual (115200/115200) = 100%
Terminal - Mode 0, Column = 80, Row = 25
Terminal - Mode 1, Column = 80, Row = 50
Terminal - Mode 2, Column = 100, Row = 31
ClockRate = 1843200
Divisor   = 1
BaudRate/Actual (115200/115200) = 100%
InstallProtocolInterface: 387477C1-69C7-11D2-8E39-00A0C969723B 6B6C1C0
InstallProtocolInterface: DD9E7534-7762-4698-8C14-F58517A625AA 6B6C2A8
InstallProtocolInterface: 387477C2-69C7-11D2-8E39-00A0C969723B 6B6C1D8
InstallProtocolInterface: 09576E91-6D3F-11D2-8E39-00A0C969723B 6B6C118
InstallProtocolInterface: D3B36F2B-D551-11D4-9A46-0090273FC14D 0
InstallProtocolInterface: D3B36F2C-D551-11D4-9A46-0090273FC14D 0
InstallProtocolInterface: D3B36F2D-D551-11D4-9A46-0090273FC14D 0
PixelBlueGreenRedReserved8BitPerColor
PixelBlueGreenRedReserved8BitPerColor
PixelBlueGreenRedReserved8BitPerColor
InitializeBochsGraphicsMode: 800x600 @ 32
PixelBlueGreenRedReserved8BitPerColor
FrameBufferBase: 0x80000000, FrameBufferSize: 0x1D5000
0: shl:0 shr:0 mask:FF0000
1: shl:0 shr:0 mask:FF00
2: shl:0 shr:0 mask:FF
Bytes per pixel: 4
0: shl:0 shr:0 mask:FF0000
1: shl:0 shr:0 mask:FF00
2: shl:0 shr:0 mask:FF
Bytes per pixel: 4
GraphicsConsole video resolution 800 x 600
Graphics - Mode 0, Column = 80, Row = 25
Graphics - Mode 1, Column = 0, Row = 0
Graphics - Mode 2, Column = 100, Row = 31
Graphics Console Started, Mode: 0
InstallProtocolInterface: 387477C2-69C7-11D2-8E39-00A0C969723B 6B396B0
InstallProtocolInterface: D3B36F2C-D551-11D4-9A46-0090273FC14D 0
PixelBlueGreenRedReserved8BitPerColor
PixelBlueGreenRedReserved8BitPerColor
PixelBlueGreenRedReserved8BitPerColor
PixelBlueGreenRedReserved8BitPerColor
PixelBlueGreenRedReserved8BitPerColor
PixelBlueGreenRedReserved8BitPerColor
PixelBlueGreenRedReserved8BitPerColor
PixelBlueGreenRedReserved8BitPerColor
PixelBlueGreenRedReserved8BitPerColor
PixelBlueGreenRedReserved8BitPerColor
PixelBlueGreenRedReserved8BitPerColor
PixelBlueGreenRedReserved8BitPerColor
PixelBlueGreenRedReserved8BitPerColor
PixelBlueGreenRedReserved8BitPerColor
PixelBlueGreenRedReserved8BitPerColor
PixelBlueGreenRedReserved8BitPerColor
PixelBlueGreenRedReserved8BitPerColor
PixelBlueGreenRedReserved8BitPerColor
PixelBlueGreenRedReserved8BitPerColor
PixelBlueGreenRedReserved8BitPerColor
PixelBlueGreenRedReserved8BitPerColor
PixelBlueGreenRedReserved8BitPerColor
PixelBlueGreenRedReserved8BitPerColor
PixelBlueGreenRedReserved8BitPerColor
PixelBlueGreenRedReserved8BitPerColor
PixelBlueGreenRedReserved8BitPerColor
PixelBlueGreenRedReserved8BitPerColor
PixelBlueGreenRedReserved8BitPerColor
PixelBlueGreenRedReserved8BitPerColor
PixelBlueGreenRedReserved8BitPerColor
InstallProtocolInterface: 9042A9DE-23DC-4A38-96FB-7ADED080516A 6C50380
ClockRate = 1843200
Divisor   = 1
BaudRate/Actual (115200/115200) = 100%
PciSioSerial: Create SIO child serial device - Device Error
InstallProtocolInterface: 387477C1-69C7-11D2-8E39-00A0C969723B 6A5F028
InstallProtocolInterface: DD9E7534-7762-4698-8C14-F58517A625AA 6A5F040
InstallProtocolInterface: D3B36F2B-D551-11D4-9A46-0090273FC14D 0
ClockRate = 1843200
Divisor   = 1
BaudRate/Actual (115200/115200) = 100%
PciSioSerial: Create SIO child serial device - Device Error
ClockRate = 1843200
Divisor   = 1
BaudRate/Actual (115200/115200) = 100%
PciSioSerial: Create SIO child serial device - Device Error
PlatformBootManagerAfterConsole
PlatformBdsPolicyBehavior: not restoring NvVars from disk since flash variables appear to be supported.
Boot Mode:0
PlatformBdsConnectSequence
Select Item: 0x19
EfiBootManagerConnectAll
ClockRate = 1843200
Divisor   = 1
BaudRate/Actual (115200/115200) = 100%
PciSioSerial: Create SIO child serial device - Device Error
SataControllerStart START
InstallProtocolInterface: A1E37052-80D9-4E65-A317-3E9A55C43EC9 6A5E9A0
SataControllerStart END status = Success
==AtaAtapiPassThru Start== Controller = 6BF6C98
[primary  ] channel [master] [harddisk] device
Enabled S.M.A.R.T feature at [primary] channel [master] device!
CalculateBestPioMode: AdvancedPioMode = 3
IdeInitCalculateMode: PioMode = 4
CalculateBestUdmaMode: DeviceUDmaMode = 203F
IdeInitCalculateMode: UdmaMode = 5
[secondary] channel [master] [cdrom   ] device
CalculateBestPioMode: AdvancedPioMode = 3
IdeInitCalculateMode: PioMode = 3
CalculateBestUdmaMode: DeviceUDmaMode = 203F
IdeInitCalculateMode: UdmaMode = 5
InstallProtocolInterface: 1D3DE7F0-0807-424F-AA69-11A54E19A46F 6A5DD40
InstallProtocolInterface: 143B7632-B81B-4CB7-ABD3-B625A5B9BFFE 6A5DD90
InstallProtocolInterface: 19DF145A-B1D4-453F-8507-38816676D7F6 6A5CE98
AtaBus - Identify Device: Port 0 PortMultiplierPort 0
InstallProtocolInterface: 09576E91-6D3F-11D2-8E39-00A0C969723B 6A5CA98
InstallProtocolInterface: 964E5B21-6459-11D2-8E39-00A0C969723B 6A5C6A8
InstallProtocolInterface: A77B2472-E282-4E9F-A245-C2C0E27BBCC1 6A5C6D8
InstallProtocolInterface: D432A67F-14DC-484B-B3BB-3F0291849327 6A5C730
Found TCG support in Port 0 PortMultiplierPort 0
InstallProtocolInterface: C88B0B6D-0DFC-49A7-9CB4-49074B4C3A78 6A5C768
Successfully Install Storage Security Protocol on the ATA device
InstallProtocolInterface: 0167CCC4-D0F7-4F21-A3EF-9E64B7CDCE8B 6A59920
InstallProtocolInterface: 09576E91-6D3F-11D2-8E39-00A0C969723B 6A59698
InstallProtocolInterface: 932F47E6-2362-4002-803E-3CD54B138F85 6A591A8
InstallProtocolInterface: 964E5B21-6459-11D2-8E39-00A0C969723B 6A582B8
InstallProtocolInterface: A77B2472-E282-4E9F-A245-C2C0E27BBCC1 6A582E8
InstallProtocolInterface: D432A67F-14DC-484B-B3BB-3F0291849327 6A583E0
InstallProtocolInterface: CE345171-BA0B-11D2-8E4F-00A0C969723B 6A587A0
InstallProtocolInterface: 151C8EAE-7F2C-472C-9E54-9828194F6A88 6A587B8
 BlockSize : 2048 
 LastBlock : 0 
FatOpenDevice: read of part_lba failed No Media
InstallProtocolInterface: CE345171-BA0B-11D2-8E4F-00A0C969723B 6A570A0
InstallProtocolInterface: 151C8EAE-7F2C-472C-9E54-9828194F6A88 6A570B8
 BlockSize : 512 
 LastBlock : FBFFF 
InstallProtocolInterface: 09576E91-6D3F-11D2-8E39-00A0C969723B 6A57698
InstallProtocolInterface: 964E5B21-6459-11D2-8E39-00A0C969723B 6A56030
InstallProtocolInterface: A77B2472-E282-4E9F-A245-C2C0E27BBCC1 6A56060
InstallProtocolInterface: 8CF2F62C-BC9B-4821-808D-EC9EC421A1A0 6A560E8
InstallProtocolInterface: CE345171-BA0B-11D2-8E4F-00A0C969723B 6A562A0
InstallProtocolInterface: 151C8EAE-7F2C-472C-9E54-9828194F6A88 6A562B8
 BlockSize : 512 
 LastBlock : FBFC0 
InstallProtocolInterface: 964E5B22-6459-11D2-8E39-00A0C969723B 6A55030
Installed Fat filesystem on 6A56F98
ClockRate = 1843200
Divisor   = 1
BaudRate/Actual (115200/115200) = 100%
PciSioSerial: Create SIO child serial device - Device Error
SataControllerStart START
SataControllerStart error return status = Already started
 BlockSize : 2048 
 LastBlock : 0 
FatOpenDevice: read of part_lba failed No Media
 BlockSize : 512 
 LastBlock : FBFFF 
ClockRate = 1843200
Divisor   = 1
BaudRate/Actual (115200/115200) = 100%
PciSioSerial: Create SIO child serial device - Device Error
Select Item: 0x19
[Bds]OsIndication: 0000000000000000
[Bds]=============Begin Load Options Dumping ...=============
  Driver Options:
  SysPrep Options:
  Boot Options:
    Boot0000: UiApp 		 0x0109
    Boot0001: UEFI QEMU DVD-ROM QM00003  		 0x0001
    Boot0002: UEFI QEMU HARDDISK QM00001  		 0x0001
    Boot0003: EFI Internal Shell 		 0x0001
  PlatformRecovery Options:
    PlatformRecovery0000: Default PlatformRecovery 		 0x0001
[Bds]=============End Load Options Dumping=============
[Bds]BdsWait ...Zzzzzzzzzzzz...
[Bds]Exit the waiting!
[Bds]Stop Hotkey Service!
[Bds]UnregisterKeyNotify: 000C/0000 Success
[Bds]UnregisterKeyNotify: 0017/0000 Success
[Bds]UnregisterKeyNotify: 0000/000D Success
Memory  Previous  Current    Next   
 Type    Pages     Pages     Pages  
======  ========  ========  ========
  0A    00000080  00000022  00000080
  09    00000010  00000008  00000010
  00    00000080  0000002B  00000080
  05    00000100  00000055  00000100
  06    00000100  000000B1  00000100
[Bds]Booting UEFI QEMU DVD-ROM QM00003 
FatOpenDevice: read of part_lba failed No Media
 BlockSize : 2048 
 LastBlock : 0 
FatOpenDevice: read of part_lba failed No Media
[Bds] Expand PciRoot(0x0)/Pci(0x1,0x1)/Ata(Secondary,Master,0x0) -> <null string>
Memory  Previous  Current    Next   
 Type    Pages     Pages     Pages  
======  ========  ========  ========
  0A    00000080  00000022  00000080
  09    00000010  00000008  00000010
  00    00000080  0000002B  00000080
  05    00000100  00000055  00000100
  06    00000100  000000B1  00000100
[Bds]Booting UEFI QEMU HARDDISK QM00001 
 BlockSize : 512 
 LastBlock : FBFFF 
 BlockSize : 512 
 LastBlock : FBFFF 
[Bds] Expand PciRoot(0x0)/Pci(0x1,0x1)/Ata(Primary,Master,0x0) -> <null string>
Memory  Previous  Current    Next   
 Type    Pages     Pages     Pages  
======  ========  ========  ========
  0A    00000080  00000022  00000080
  09    00000010  00000008  00000010
  00    00000080  0000002B  00000080
  05    00000100  00000055  00000100
  06    00000100  000000B1  00000100
[Bds]Booting EFI Internal Shell
[Bds] Expand Fv(7CB8BDC9-F8EB-4F34-AAEA-3EE4AF6516A1)/FvFile(7C04A583-9E3E-4F1C-AD65-E05268D0B4D1) -> Fv(7CB8BDC9-F8EB-4F34-AAEA-3EE4AF6516A1)/FvFile(7C04A583-9E3E-4F1C-AD65-E05268D0B4D1)
InstallProtocolInterface: 5B1B31A1-9562-11D2-8E3F-00A0C969723B 64726C0
Loading driver at 0x000062A2000 EntryPoint=0x000062C7480 Shell.efi
InstallProtocolInterface: BC62157E-3E33-4FEC-9920-2D3B36D750DF 6B6FD98
ProtectUefiImageCommon - 0x64726C0
  - 0x00000000062A2000 - 0x00000000000E7080
InstallProtocolInterface: 387477C2-69C7-11D2-8E39-00A0C969723B 646BCA0
InstallProtocolInterface: 752F3136-4E16-4FDC-A22A-E5F46812F4CA 646EF98
InstallProtocolInterface: 6302D008-7F9B-4F30-87AC-60C9FEF5DA4E 63736C0
FSOpen: Open '\' Success
FSOpen: Open '.' Success
FSOpen: Open '\dyn_pcd.efi' Success
FSOpen: Open '\dyn_pcd.efi' Success
FSOpen: Open '\dyn_pcd.efi' Success
FSOpen: Open '\dyn_pcd.efi' Success
[Security] 3rd party image[0] can be loaded after EndOfDxe: PciRoot(0x0)/Pci(0x1,0x1)/Ata(Primary,Master,0x0)/HD(1,MBR,0xBE1AFDFA,0x3F,0xFBFC1)/\dyn_pcd.efi.
InstallProtocolInterface: 5B1B31A1-9562-11D2-8E3F-00A0C969723B 645F040
ConvertPages: failed to find range 140000000 - 140005FFF
Loading driver at 0x00006418000 EntryPoint=0x0000641C080 
InstallProtocolInterface: BC62157E-3E33-4FEC-9920-2D3B36D750DF 645EA18
ProtectUefiImageCommon - 0x645F040
  - 0x0000000006418000 - 0x0000000000006000
InstallProtocolInterface: 752F3136-4E16-4FDC-A22A-E5F46812F4CA 7E6B778
ClockRate = 1843200
Divisor   = 1
BaudRate/Actual (115200/115200) = 100%
FSOpen: Open '\' Success
